<?xml version="1.0" encoding="UTF-8"?>
<coverage generated="1771528895990" clover="3.2.0">
  <project timestamp="1771528895990" name="All files">
    <metrics statements="1399" coveredstatements="1337" conditionals="460" coveredconditionals="387" methods="91" coveredmethods="89" elements="1950" coveredelements="1813" complexity="0" loc="1399" ncloc="1399" packages="11" files="15" classes="15"/>
    <package name="Announcements">
      <metrics statements="20" coveredstatements="20" conditionals="4" coveredconditionals="4" methods="1" coveredmethods="1"/>
      <file name="index.tsx" path="/home/runner/work/self-playing-baseball/self-playing-baseball/src/Announcements/index.tsx">
        <metrics statements="20" coveredstatements="20" conditionals="4" coveredconditionals="4" methods="1" coveredmethods="1"/>
        <line num="1" count="1" type="stmt"/>
        <line num="2" count="1" type="stmt"/>
        <line num="4" count="1" type="stmt"/>
        <line num="6" count="1" type="stmt"/>
        <line num="18" count="1" type="stmt"/>
        <line num="28" count="1" type="stmt"/>
        <line num="34" count="1" type="stmt"/>
        <line num="38" count="1" type="cond" truecount="1" falsecount="0"/>
        <line num="39" count="18" type="stmt"/>
        <line num="41" count="18" type="stmt"/>
        <line num="42" count="18" type="stmt"/>
        <line num="43" count="18" type="stmt"/>
        <line num="44" count="18" type="stmt"/>
        <line num="45" count="18" type="cond" truecount="1" falsecount="0"/>
        <line num="46" count="15" type="cond" truecount="1" falsecount="0"/>
        <line num="47" count="3" type="cond" truecount="1" falsecount="0"/>
        <line num="49" count="18" type="stmt"/>
        <line num="50" count="18" type="stmt"/>
        <line num="52" count="18" type="stmt"/>
        <line num="54" count="1" type="stmt"/>
      </file>
    </package>
    <package name="Ball">
      <metrics statements="27" coveredstatements="27" conditionals="9" coveredconditionals="8" methods="2" coveredmethods="2"/>
      <file name="index.tsx" path="/home/runner/work/self-playing-baseball/self-playing-baseball/src/Ball/index.tsx">
        <metrics statements="27" coveredstatements="27" conditionals="9" coveredconditionals="8" methods="2" coveredmethods="2"/>
        <line num="1" count="1" type="stmt"/>
        <line num="3" count="1" type="stmt"/>
        <line num="4" count="1" type="stmt"/>
        <line num="5" count="1" type="stmt"/>
        <line num="8" count="1" type="stmt"/>
        <line num="9" count="1" type="stmt"/>
        <line num="10" count="1" type="stmt"/>
        <line num="11" count="1" type="stmt"/>
        <line num="12" count="1" type="stmt"/>
        <line num="13" count="1" type="stmt"/>
        <line num="14" count="1" type="stmt"/>
        <line num="17" count="1" type="stmt"/>
        <line num="24" count="1" type="cond" truecount="1" falsecount="0"/>
        <line num="26" count="2" type="stmt"/>
        <line num="27" count="2" type="stmt"/>
        <line num="30" count="1" type="stmt"/>
        <line num="39" count="1" type="cond" truecount="1" falsecount="0"/>
        <line num="40" count="21" type="cond" truecount="1" falsecount="0"/>
        <line num="41" count="2" type="cond" truecount="1" falsecount="0"/>
        <line num="42" count="1" type="stmt"/>
        <line num="45" count="1" type="cond" truecount="1" falsecount="0"/>
        <line num="46" count="21" type="stmt"/>
        <line num="48" count="21" type="cond" truecount="1" falsecount="0"/>
        <line num="49" count="21" type="cond" truecount="2" falsecount="0"/>
        <line num="52" count="21" type="cond" truecount="0" falsecount="1"/>
        <line num="53" count="21" type="stmt"/>
        <line num="55" count="1" type="stmt"/>
      </file>
    </package>
    <package name="BatterButton">
      <metrics statements="292" coveredstatements="251" conditionals="94" coveredconditionals="71" methods="15" coveredmethods="13"/>
      <file name="index.tsx" path="/home/runner/work/self-playing-baseball/self-playing-baseball/src/BatterButton/index.tsx">
        <metrics statements="292" coveredstatements="251" conditionals="94" coveredconditionals="71" methods="15" coveredmethods="13"/>
        <line num="1" count="1" type="stmt"/>
        <line num="3" count="1" type="stmt"/>
        <line num="4" count="1" type="stmt"/>
        <line num="5" count="1" type="stmt"/>
        <line num="6" count="1" type="stmt"/>
        <line num="7" count="1" type="stmt"/>
        <line num="8" count="1" type="stmt"/>
        <line num="9" count="1" type="stmt"/>
        <line num="10" count="1" type="stmt"/>
        <line num="12" count="1" type="stmt"/>
        <line num="19" count="1" type="stmt"/>
        <line num="30" count="1" type="stmt"/>
        <line num="35" count="1" type="stmt"/>
        <line num="45" count="1" type="stmt"/>
        <line num="60" count="1" type="stmt"/>
        <line num="71" count="1" type="stmt"/>
        <line num="80" count="1" type="stmt"/>
        <line num="88" count="1" type="stmt"/>
        <line num="89" count="1" type="stmt"/>
        <line num="90" count="1" type="stmt"/>
        <line num="92" count="66" type="cond" truecount="1" falsecount="0"/>
        <line num="93" count="66" type="stmt"/>
        <line num="94" count="66" type="cond" truecount="2" falsecount="0"/>
        <line num="95" count="66" type="stmt"/>
        <line num="97" count="66" type="cond" truecount="1" falsecount="0"/>
        <line num="98" count="66" type="stmt"/>
        <line num="99" count="66" type="cond" truecount="2" falsecount="0"/>
        <line num="100" count="66" type="stmt"/>
        <line num="102" count="66" type="cond" truecount="1" falsecount="0"/>
        <line num="103" count="66" type="stmt"/>
        <line num="104" count="66" type="cond" truecount="2" falsecount="0"/>
        <line num="105" count="12" type="stmt"/>
        <line num="106" count="66" type="cond" truecount="0" falsecount="1"/>
        <line num="107" count="66" type="stmt"/>
        <line num="109" count="33" type="cond" truecount="1" falsecount="0"/>
        <line num="110" count="33" type="stmt"/>
        <line num="111" count="33" type="cond" truecount="2" falsecount="0"/>
        <line num="112" count="33" type="stmt"/>
        <line num="114" count="1" type="cond" truecount="1" falsecount="0"/>
        <line num="115" count="47" type="stmt"/>
        <line num="116" count="47" type="cond" truecount="1" falsecount="0"/>
        <line num="117" count="47" type="cond" truecount="1" falsecount="0"/>
        <line num="118" count="47" type="cond" truecount="1" falsecount="0"/>
        <line num="119" count="47" type="cond" truecount="1" falsecount="0"/>
        <line num="120" count="47" type="cond" truecount="1" falsecount="0"/>
        <line num="121" count="47" type="cond" truecount="1" falsecount="0"/>
        <line num="122" count="47" type="cond" truecount="1" falsecount="1"/>
        <line num="126" count="47" type="stmt"/>
        <line num="127" count="47" type="stmt"/>
        <line num="131" count="47" type="stmt"/>
        <line num="132" count="47" type="stmt"/>
        <line num="134" count="47" type="stmt"/>
        <line num="135" count="47" type="stmt"/>
        <line num="137" count="47" type="cond" truecount="1" falsecount="0"/>
        <line num="140" count="47" type="stmt"/>
        <line num="141" count="47" type="stmt"/>
        <line num="144" count="47" type="stmt"/>
        <line num="145" count="47" type="stmt"/>
        <line num="147" count="47" type="stmt"/>
        <line num="148" count="47" type="stmt"/>
        <line num="150" count="47" type="stmt"/>
        <line num="151" count="47" type="stmt"/>
        <line num="153" count="47" type="stmt"/>
        <line num="154" count="47" type="stmt"/>
        <line num="157" count="47" type="stmt"/>
        <line num="158" count="47" type="stmt"/>
        <line num="159" count="47" type="cond" truecount="1" falsecount="0"/>
        <line num="160" count="33" type="stmt"/>
        <line num="161" count="33" type="cond" truecount="0" falsecount="1"/>
        <line num="162" count="0" type="stmt"/>
        <line num="163" count="0" type="stmt"/>
        <line num="164" count="0" type="stmt"/>
        <line num="165" count="0" type="stmt"/>
        <line num="166" count="0" type="stmt"/>
        <line num="167" count="0" type="stmt"/>
        <line num="168" count="0" type="stmt"/>
        <line num="169" count="47" type="stmt"/>
        <line num="172" count="47" type="stmt"/>
        <line num="173" count="47" type="cond" truecount="1" falsecount="0"/>
        <line num="174" count="33" type="cond" truecount="1" falsecount="1"/>
        <line num="175" count="0" type="stmt"/>
        <line num="176" count="0" type="stmt"/>
        <line num="177" count="33" type="stmt"/>
        <line num="178" count="47" type="stmt"/>
        <line num="181" count="47" type="stmt"/>
        <line num="182" count="47" type="stmt"/>
        <line num="183" count="47" type="cond" truecount="1" falsecount="0"/>
        <line num="184" count="33" type="cond" truecount="0" falsecount="2"/>
        <line num="185" count="0" type="stmt"/>
        <line num="186" count="0" type="stmt"/>
        <line num="187" count="33" type="stmt"/>
        <line num="188" count="47" type="stmt"/>
        <line num="190" count="47" type="cond" truecount="1" falsecount="0"/>
        <line num="191" count="8" type="stmt"/>
        <line num="194" count="8" type="cond" truecount="0" falsecount="1"/>
        <line num="197" count="8" type="cond" truecount="0" falsecount="2"/>
        <line num="200" count="8" type="cond" truecount="0" falsecount="3"/>
        <line num="201" count="0" type="stmt"/>
        <line num="202" count="0" type="stmt"/>
        <line num="203" count="0" type="stmt"/>
        <line num="204" count="0" type="stmt"/>
        <line num="205" count="0" type="stmt"/>
        <line num="206" count="0" type="stmt"/>
        <line num="207" count="0" type="stmt"/>
        <line num="208" count="0" type="stmt"/>
        <line num="209" count="0" type="stmt"/>
        <line num="210" count="0" type="stmt"/>
        <line num="212" count="8" type="stmt"/>
        <line num="214" count="8" type="stmt"/>
        <line num="215" count="8" type="stmt"/>
        <line num="218" count="8" type="cond" truecount="0" falsecount="1"/>
        <line num="220" count="8" type="cond" truecount="0" falsecount="2"/>
        <line num="221" count="8" type="stmt"/>
        <line num="223" count="8" type="cond" truecount="1" falsecount="0"/>
        <line num="225" count="3" type="cond" truecount="1" falsecount="0"/>
        <line num="226" count="1" type="stmt"/>
        <line num="227" count="3" type="cond" truecount="1" falsecount="0"/>
        <line num="228" count="2" type="stmt"/>
        <line num="229" count="2" type="stmt"/>
        <line num="230" count="8" type="cond" truecount="2" falsecount="0"/>
        <line num="232" count="4" type="stmt"/>
        <line num="233" count="5" type="cond" truecount="1" falsecount="0"/>
        <line num="235" count="1" type="stmt"/>
        <line num="236" count="1" type="stmt"/>
        <line num="237" count="1" type="stmt"/>
        <line num="238" count="1" type="cond" truecount="0" falsecount="1"/>
        <line num="240" count="0" type="stmt"/>
        <line num="241" count="1" type="cond" truecount="0" falsecount="1"/>
        <line num="243" count="0" type="stmt"/>
        <line num="244" count="1" type="stmt"/>
        <line num="247" count="1" type="cond" truecount="0" falsecount="3"/>
        <line num="248" count="1" type="stmt"/>
        <line num="250" count="1" type="stmt"/>
        <line num="251" count="1" type="stmt"/>
        <line num="252" count="47" type="stmt"/>
        <line num="255" count="47" type="stmt"/>
        <line num="256" count="47" type="stmt"/>
        <line num="261" count="47" type="cond" truecount="1" falsecount="0"/>
        <line num="262" count="36" type="cond" truecount="2" falsecount="0"/>
        <line num="263" count="36" type="cond" truecount="1" falsecount="2"/>
        <line num="265" count="9" type="stmt"/>
        <line num="266" count="9" type="stmt"/>
        <line num="267" count="9" type="stmt"/>
        <line num="268" count="9" type="stmt"/>
        <line num="270" count="9" type="cond" truecount="1" falsecount="0"/>
        <line num="271" count="9" type="stmt"/>
        <line num="272" count="0" type="stmt"/>
        <line num="275" count="0" type="stmt"/>
        <line num="276" count="0" type="stmt"/>
        <line num="277" count="0" type="stmt"/>
        <line num="278" count="0" type="stmt"/>
        <line num="279" count="0" type="stmt"/>
        <line num="282" count="0" type="stmt"/>
        <line num="283" count="0" type="stmt"/>
        <line num="284" count="0" type="stmt"/>
        <line num="285" count="0" type="stmt"/>
        <line num="286" count="0" type="stmt"/>
        <line num="287" count="0" type="stmt"/>
        <line num="289" count="0" type="stmt"/>
        <line num="290" count="0" type="stmt"/>
        <line num="291" count="0" type="stmt"/>
        <line num="292" count="0" type="stmt"/>
        <line num="293" count="9" type="stmt"/>
        <line num="294" count="9" type="stmt"/>
        <line num="296" count="9" type="stmt"/>
        <line num="297" count="9" type="cond" truecount="1" falsecount="0"/>
        <line num="298" count="47" type="stmt"/>
        <line num="301" count="47" type="cond" truecount="1" falsecount="0"/>
        <line num="302" count="47" type="cond" truecount="1" falsecount="0"/>
        <line num="303" count="47" type="cond" truecount="1" falsecount="0"/>
        <line num="304" count="47" type="cond" truecount="1" falsecount="0"/>
        <line num="305" count="47" type="cond" truecount="1" falsecount="0"/>
        <line num="306" count="47" type="cond" truecount="1" falsecount="0"/>
        <line num="307" count="47" type="cond" truecount="1" falsecount="0"/>
        <line num="310" count="47" type="cond" truecount="1" falsecount="0"/>
        <line num="311" count="47" type="cond" truecount="1" falsecount="0"/>
        <line num="314" count="47" type="cond" truecount="1" falsecount="0"/>
        <line num="316" count="47" type="cond" truecount="1" falsecount="0"/>
        <line num="317" count="2" type="cond" truecount="1" falsecount="0"/>
        <line num="318" count="1" type="stmt"/>
        <line num="319" count="1" type="stmt"/>
        <line num="320" count="1" type="stmt"/>
        <line num="321" count="47" type="stmt"/>
        <line num="323" count="47" type="cond" truecount="1" falsecount="0"/>
        <line num="324" count="33" type="stmt"/>
        <line num="325" count="33" type="cond" truecount="1" falsecount="0"/>
        <line num="326" count="47" type="stmt"/>
        <line num="328" count="47" type="cond" truecount="1" falsecount="0"/>
        <line num="329" count="1" type="stmt"/>
        <line num="330" count="1" type="stmt"/>
        <line num="331" count="1" type="stmt"/>
        <line num="332" count="1" type="stmt"/>
        <line num="333" count="1" type="stmt"/>
        <line num="334" count="1" type="stmt"/>
        <line num="336" count="47" type="cond" truecount="1" falsecount="0"/>
        <line num="337" count="2" type="stmt"/>
        <line num="338" count="2" type="stmt"/>
        <line num="340" count="2" type="cond" truecount="2" falsecount="0"/>
        <line num="341" count="1" type="stmt"/>
        <line num="342" count="1" type="stmt"/>
        <line num="343" count="2" type="stmt"/>
        <line num="345" count="47" type="cond" truecount="1" falsecount="0"/>
        <line num="346" count="1" type="stmt"/>
        <line num="347" count="1" type="stmt"/>
        <line num="348" count="1" type="stmt"/>
        <line num="350" count="47" type="cond" truecount="1" falsecount="0"/>
        <line num="351" count="1" type="stmt"/>
        <line num="352" count="1" type="stmt"/>
        <line num="353" count="1" type="stmt"/>
        <line num="355" count="47" type="cond" truecount="1" falsecount="0"/>
        <line num="356" count="1" type="stmt"/>
        <line num="357" count="1" type="stmt"/>
        <line num="359" count="47" type="cond" truecount="1" falsecount="0"/>
        <line num="360" count="2" type="stmt"/>
        <line num="361" count="2" type="cond" truecount="1" falsecount="0"/>
        <line num="362" count="1" type="cond" truecount="1" falsecount="0"/>
        <line num="363" count="1" type="stmt"/>
        <line num="364" count="2" type="stmt"/>
        <line num="365" count="2" type="stmt"/>
        <line num="366" count="2" type="stmt"/>
        <line num="367" count="2" type="cond" truecount="3" falsecount="0"/>
        <line num="368" count="2" type="stmt"/>
        <line num="369" count="2" type="cond" truecount="0" falsecount="1"/>
        <line num="370" count="0" type="stmt"/>
        <line num="371" count="0" type="stmt"/>
        <line num="372" count="2" type="stmt"/>
        <line num="374" count="47" type="stmt"/>
        <line num="375" count="47" type="stmt"/>
        <line num="376" count="47" type="stmt"/>
        <line num="377" count="47" type="cond" truecount="1" falsecount="0"/>
        <line num="378" count="47" type="stmt"/>
        <line num="379" count="47" type="stmt"/>
        <line num="380" count="47" type="stmt"/>
        <line num="381" count="47" type="stmt"/>
        <line num="383" count="47" type="stmt"/>
        <line num="384" count="47" type="stmt"/>
        <line num="386" count="47" type="stmt"/>
        <line num="387" count="47" type="stmt"/>
        <line num="388" count="47" type="stmt"/>
        <line num="389" count="47" type="stmt"/>
        <line num="390" count="47" type="stmt"/>
        <line num="391" count="47" type="stmt"/>
        <line num="392" count="47" type="stmt"/>
        <line num="394" count="47" type="stmt"/>
        <line num="395" count="47" type="stmt"/>
        <line num="396" count="47" type="stmt"/>
        <line num="397" count="47" type="stmt"/>
        <line num="398" count="47" type="stmt"/>
        <line num="399" count="47" type="stmt"/>
        <line num="400" count="47" type="stmt"/>
        <line num="401" count="47" type="stmt"/>
        <line num="402" count="47" type="stmt"/>
        <line num="403" count="47" type="stmt"/>
        <line num="404" count="47" type="stmt"/>
        <line num="406" count="47" type="stmt"/>
        <line num="407" count="47" type="stmt"/>
        <line num="408" count="47" type="stmt"/>
        <line num="409" count="47" type="stmt"/>
        <line num="410" count="47" type="stmt"/>
        <line num="411" count="47" type="stmt"/>
        <line num="412" count="47" type="stmt"/>
        <line num="413" count="47" type="stmt"/>
        <line num="414" count="47" type="stmt"/>
        <line num="415" count="47" type="stmt"/>
        <line num="416" count="47" type="cond" truecount="1" falsecount="0"/>
        <line num="417" count="9" type="stmt"/>
        <line num="418" count="9" type="stmt"/>
        <line num="420" count="9" type="stmt"/>
        <line num="422" count="47" type="cond" truecount="2" falsecount="0"/>
        <line num="423" count="4" type="stmt"/>
        <line num="424" count="4" type="stmt"/>
        <line num="426" count="4" type="stmt"/>
        <line num="427" count="4" type="stmt"/>
        <line num="428" count="4" type="stmt"/>
        <line num="429" count="4" type="stmt"/>
        <line num="430" count="4" type="stmt"/>
        <line num="431" count="4" type="stmt"/>
        <line num="433" count="4" type="stmt"/>
        <line num="434" count="4" type="stmt"/>
        <line num="435" count="4" type="stmt"/>
        <line num="436" count="4" type="stmt"/>
        <line num="437" count="4" type="stmt"/>
        <line num="438" count="4" type="stmt"/>
        <line num="439" count="4" type="stmt"/>
        <line num="440" count="4" type="stmt"/>
        <line num="441" count="4" type="stmt"/>
        <line num="443" count="47" type="stmt"/>
        <line num="444" count="47" type="stmt"/>
        <line num="445" count="47" type="cond" truecount="2" falsecount="0"/>
        <line num="446" count="47" type="stmt"/>
        <line num="448" count="47" type="stmt"/>
        <line num="450" count="1" type="stmt"/>
      </file>
    </package>
    <package name="Context">
      <metrics statements="418" coveredstatements="413" conditionals="159" coveredconditionals="139" methods="17" coveredmethods="17"/>
      <file name="index.tsx" path="/home/runner/work/self-playing-baseball/self-playing-baseball/src/Context/index.tsx">
        <metrics statements="45" coveredstatements="43" conditionals="4" coveredconditionals="2" methods="2" coveredmethods="2"/>
        <line num="1" count="1" type="stmt"/>
        <line num="2" count="1" type="stmt"/>
        <line num="4" count="1" type="stmt"/>
        <line num="6" count="1" type="stmt"/>
        <line num="41" count="1" type="cond" truecount="1" falsecount="0"/>
        <line num="42" count="1" type="stmt"/>
        <line num="43" count="1" type="stmt"/>
        <line num="44" count="1" type="stmt"/>
        <line num="45" count="1" type="stmt"/>
        <line num="46" count="1" type="stmt"/>
        <line num="47" count="1" type="stmt"/>
        <line num="49" count="1" type="stmt"/>
        <line num="51" count="1" type="stmt"/>
        <line num="52" count="1" type="cond" truecount="0" falsecount="1"/>
        <line num="53" count="0" type="stmt"/>
        <line num="54" count="1" type="cond" truecount="0" falsecount="1"/>
        <line num="55" count="0" type="stmt"/>
        <line num="57" count="1" type="stmt"/>
        <line num="58" count="1" type="stmt"/>
        <line num="59" count="1" type="stmt"/>
        <line num="60" count="1" type="stmt"/>
        <line num="61" count="1" type="stmt"/>
        <line num="62" count="1" type="stmt"/>
        <line num="63" count="1" type="stmt"/>
        <line num="64" count="1" type="stmt"/>
        <line num="65" count="1" type="stmt"/>
        <line num="66" count="1" type="stmt"/>
        <line num="67" count="1" type="stmt"/>
        <line num="68" count="1" type="stmt"/>
        <line num="69" count="1" type="stmt"/>
        <line num="70" count="1" type="stmt"/>
        <line num="71" count="1" type="stmt"/>
        <line num="75" count="1" type="cond" truecount="1" falsecount="0"/>
        <line num="76" count="15" type="stmt"/>
        <line num="77" count="15" type="stmt"/>
        <line num="79" count="15" type="stmt"/>
        <line num="80" count="15" type="stmt"/>
        <line num="81" count="15" type="stmt"/>
        <line num="82" count="15" type="stmt"/>
        <line num="83" count="15" type="stmt"/>
        <line num="84" count="15" type="stmt"/>
        <line num="85" count="15" type="stmt"/>
        <line num="86" count="15" type="stmt"/>
        <line num="87" count="15" type="stmt"/>
        <line num="89" count="15" type="stmt"/>
      </file>
      <file name="reducer.ts" path="/home/runner/work/self-playing-baseball/self-playing-baseball/src/Context/reducer.ts">
        <metrics statements="373" coveredstatements="370" conditionals="155" coveredconditionals="137" methods="15" coveredmethods="15"/>
        <line num="1" count="1" type="stmt"/>
        <line num="2" count="1" type="stmt"/>
        <line num="5" count="1" type="cond" truecount="2" falsecount="0"/>
        <line num="6" count="94" type="stmt"/>
        <line num="7" count="94" type="stmt"/>
        <line num="11" count="1" type="cond" truecount="1" falsecount="0"/>
        <line num="12" count="48" type="stmt"/>
        <line num="13" count="48" type="stmt"/>
        <line num="14" count="48" type="stmt"/>
        <line num="15" count="48" type="stmt"/>
        <line num="16" count="48" type="stmt"/>
        <line num="17" count="48" type="stmt"/>
        <line num="18" count="48" type="stmt"/>
        <line num="19" count="48" type="stmt"/>
        <line num="20" count="48" type="stmt"/>
        <line num="23" count="1" type="stmt"/>
        <line num="24" count="1" type="stmt"/>
        <line num="25" count="1" type="stmt"/>
        <line num="26" count="1" type="stmt"/>
        <line num="27" count="1" type="stmt"/>
        <line num="28" count="1" type="stmt"/>
        <line num="29" count="1" type="stmt"/>
        <line num="46" count="1" type="cond" truecount="1" falsecount="0"/>
        <line num="47" count="26" type="stmt"/>
        <line num="48" count="26" type="stmt"/>
        <line num="49" count="26" type="stmt"/>
        <line num="50" count="26" type="stmt"/>
        <line num="51" count="26" type="stmt"/>
        <line num="53" count="26" type="stmt"/>
        <line num="54" count="26" type="cond" truecount="1" falsecount="0"/>
        <line num="56" count="3" type="stmt"/>
        <line num="57" count="3" type="stmt"/>
        <line num="59" count="26" type="cond" truecount="1" falsecount="0"/>
        <line num="61" count="4" type="stmt"/>
        <line num="62" count="4" type="stmt"/>
        <line num="63" count="4" type="stmt"/>
        <line num="65" count="26" type="cond" truecount="1" falsecount="0"/>
        <line num="67" count="3" type="cond" truecount="1" falsecount="0"/>
        <line num="68" count="3" type="cond" truecount="1" falsecount="0"/>
        <line num="69" count="3" type="cond" truecount="1" falsecount="0"/>
        <line num="70" count="3" type="stmt"/>
        <line num="71" count="3" type="stmt"/>
        <line num="73" count="26" type="cond" truecount="1" falsecount="0"/>
        <line num="75" count="7" type="cond" truecount="1" falsecount="0"/>
        <line num="76" count="7" type="cond" truecount="1" falsecount="0"/>
        <line num="77" count="7" type="cond" truecount="1" falsecount="0"/>
        <line num="78" count="7" type="stmt"/>
        <line num="79" count="7" type="stmt"/>
        <line num="81" count="26" type="cond" truecount="1" falsecount="0"/>
        <line num="84" count="8" type="cond" truecount="1" falsecount="0"/>
        <line num="86" count="4" type="cond" truecount="1" falsecount="0"/>
        <line num="87" count="2" type="stmt"/>
        <line num="88" count="2" type="stmt"/>
        <line num="89" count="2" type="stmt"/>
        <line num="90" count="2" type="stmt"/>
        <line num="91" count="2" type="stmt"/>
        <line num="92" count="2" type="stmt"/>
        <line num="93" count="2" type="stmt"/>
        <line num="94" count="2" type="cond" truecount="1" falsecount="0"/>
        <line num="95" count="2" type="stmt"/>
        <line num="96" count="4" type="stmt"/>
        <line num="97" count="4" type="stmt"/>
        <line num="99" count="4" type="stmt"/>
        <line num="100" count="4" type="cond" truecount="0" falsecount="1"/>
        <line num="101" count="4" type="cond" truecount="1" falsecount="0"/>
        <line num="102" count="4" type="stmt"/>
        <line num="103" count="8" type="stmt"/>
        <line num="105" count="26" type="cond" truecount="1" falsecount="0"/>
        <line num="106" count="1" type="stmt"/>
        <line num="107" count="26" type="cond" truecount="1" falsecount="0"/>
        <line num="109" count="25" type="stmt"/>
        <line num="110" count="25" type="stmt"/>
        <line num="112" count="1" type="cond" truecount="1" falsecount="0"/>
        <line num="113" count="26" type="cond" truecount="0" falsecount="1"/>
        <line num="114" count="26" type="stmt"/>
        <line num="115" count="26" type="stmt"/>
        <line num="116" count="26" type="stmt"/>
        <line num="117" count="26" type="stmt"/>
        <line num="118" count="26" type="stmt"/>
        <line num="119" count="26" type="stmt"/>
        <line num="120" count="26" type="stmt"/>
        <line num="121" count="26" type="stmt"/>
        <line num="122" count="26" type="stmt"/>
        <line num="125" count="26" type="stmt"/>
        <line num="127" count="26" type="cond" truecount="2" falsecount="0"/>
        <line num="129" count="1" type="stmt"/>
        <line num="130" count="1" type="stmt"/>
        <line num="131" count="1" type="stmt"/>
        <line num="132" count="1" type="cond" truecount="0" falsecount="1"/>
        <line num="133" count="0" type="stmt"/>
        <line num="134" count="0" type="stmt"/>
        <line num="135" count="0" type="stmt"/>
        <line num="136" count="26" type="cond" truecount="2" falsecount="0"/>
        <line num="137" count="16" type="stmt"/>
        <line num="138" count="16" type="stmt"/>
        <line num="140" count="26" type="stmt"/>
        <line num="141" count="26" type="stmt"/>
        <line num="142" count="26" type="stmt"/>
        <line num="144" count="26" type="cond" truecount="4" falsecount="0"/>
        <line num="146" count="25" type="stmt"/>
        <line num="147" count="25" type="stmt"/>
        <line num="150" count="1" type="cond" truecount="1" falsecount="0"/>
        <line num="151" count="3" type="stmt"/>
        <line num="152" count="3" type="stmt"/>
        <line num="153" count="3" type="cond" truecount="1" falsecount="0"/>
        <line num="154" count="1" type="cond" truecount="0" falsecount="1"/>
        <line num="155" count="1" type="stmt"/>
        <line num="156" count="1" type="stmt"/>
        <line num="157" count="1" type="stmt"/>
        <line num="158" count="3" type="cond" truecount="1" falsecount="0"/>
        <line num="159" count="2" type="stmt"/>
        <line num="160" count="2" type="stmt"/>
        <line num="162" count="1" type="cond" truecount="1" falsecount="0"/>
        <line num="163" count="5" type="stmt"/>
        <line num="164" count="5" type="stmt"/>
        <line num="165" count="5" type="stmt"/>
        <line num="166" count="5" type="stmt"/>
        <line num="167" count="5" type="stmt"/>
        <line num="168" count="5" type="stmt"/>
        <line num="169" count="5" type="stmt"/>
        <line num="170" count="5" type="stmt"/>
        <line num="171" count="5" type="stmt"/>
        <line num="172" count="5" type="stmt"/>
        <line num="174" count="5" type="cond" truecount="1" falsecount="0"/>
        <line num="175" count="3" type="stmt"/>
        <line num="176" count="3" type="stmt"/>
        <line num="177" count="3" type="stmt"/>
        <line num="179" count="5" type="stmt"/>
        <line num="181" count="5" type="cond" truecount="2" falsecount="0"/>
        <line num="182" count="2" type="stmt"/>
        <line num="183" count="2" type="cond" truecount="1" falsecount="0"/>
        <line num="184" count="2" type="cond" truecount="1" falsecount="0"/>
        <line num="186" count="4" type="stmt"/>
        <line num="187" count="4" type="stmt"/>
        <line num="188" count="4" type="stmt"/>
        <line num="190" count="1" type="cond" truecount="1" falsecount="0"/>
        <line num="191" count="13" type="stmt"/>
        <line num="193" count="13" type="cond" truecount="1" falsecount="0"/>
        <line num="194" count="5" type="stmt"/>
        <line num="195" count="5" type="cond" truecount="2" falsecount="0"/>
        <line num="197" count="5" type="cond" truecount="2" falsecount="0"/>
        <line num="198" count="1" type="stmt"/>
        <line num="199" count="1" type="cond" truecount="0" falsecount="1"/>
        <line num="200" count="1" type="cond" truecount="1" falsecount="0"/>
        <line num="202" count="4" type="stmt"/>
        <line num="203" count="4" type="cond" truecount="1" falsecount="0"/>
        <line num="205" count="13" type="cond" truecount="2" falsecount="0"/>
        <line num="206" count="13" type="stmt"/>
        <line num="207" count="13" type="stmt"/>
        <line num="208" count="13" type="stmt"/>
        <line num="209" count="13" type="stmt"/>
        <line num="210" count="13" type="stmt"/>
        <line num="211" count="13" type="stmt"/>
        <line num="212" count="13" type="stmt"/>
        <line num="214" count="1" type="cond" truecount="1" falsecount="0"/>
        <line num="215" count="18" type="stmt"/>
        <line num="216" count="18" type="cond" truecount="0" falsecount="1"/>
        <line num="218" count="18" type="cond" truecount="1" falsecount="0"/>
        <line num="219" count="6" type="cond" truecount="0" falsecount="1"/>
        <line num="220" count="6" type="stmt"/>
        <line num="221" count="6" type="cond" truecount="1" falsecount="0"/>
        <line num="223" count="18" type="cond" truecount="1" falsecount="0"/>
        <line num="224" count="4" type="stmt"/>
        <line num="225" count="18" type="cond" truecount="1" falsecount="0"/>
        <line num="226" count="8" type="cond" truecount="2" falsecount="0"/>
        <line num="227" count="8" type="cond" truecount="1" falsecount="0"/>
        <line num="229" count="12" type="stmt"/>
        <line num="230" count="12" type="stmt"/>
        <line num="231" count="12" type="stmt"/>
        <line num="232" count="12" type="stmt"/>
        <line num="233" count="12" type="stmt"/>
        <line num="234" count="12" type="stmt"/>
        <line num="235" count="12" type="stmt"/>
        <line num="236" count="12" type="stmt"/>
        <line num="238" count="1" type="cond" truecount="1" falsecount="0"/>
        <line num="239" count="3" type="stmt"/>
        <line num="240" count="3" type="cond" truecount="0" falsecount="1"/>
        <line num="242" count="3" type="cond" truecount="1" falsecount="0"/>
        <line num="243" count="1" type="stmt"/>
        <line num="244" count="1" type="stmt"/>
        <line num="245" count="1" type="cond" truecount="1" falsecount="0"/>
        <line num="247" count="2" type="stmt"/>
        <line num="248" count="2" type="stmt"/>
        <line num="249" count="2" type="stmt"/>
        <line num="250" count="2" type="stmt"/>
        <line num="251" count="2" type="stmt"/>
        <line num="252" count="2" type="stmt"/>
        <line num="253" count="2" type="stmt"/>
        <line num="254" count="2" type="stmt"/>
        <line num="255" count="2" type="stmt"/>
        <line num="257" count="1" type="cond" truecount="1" falsecount="0"/>
        <line num="258" count="6" type="stmt"/>
        <line num="261" count="6" type="cond" truecount="1" falsecount="0"/>
        <line num="262" count="2" type="stmt"/>
        <line num="263" count="2" type="cond" truecount="1" falsecount="0"/>
        <line num="264" count="1" type="stmt"/>
        <line num="265" count="1" type="stmt"/>
        <line num="266" count="1" type="stmt"/>
        <line num="267" count="1" type="cond" truecount="1" falsecount="0"/>
        <line num="270" count="4" type="stmt"/>
        <line num="271" count="6" type="cond" truecount="1" falsecount="0"/>
        <line num="272" count="2" type="stmt"/>
        <line num="273" count="2" type="stmt"/>
        <line num="274" count="2" type="stmt"/>
        <line num="275" count="2" type="stmt"/>
        <line num="276" count="6" type="stmt"/>
        <line num="279" count="1" type="cond" truecount="1" falsecount="0"/>
        <line num="280" count="6" type="cond" truecount="2" falsecount="0"/>
        <line num="281" count="6" type="stmt"/>
        <line num="282" count="6" type="stmt"/>
        <line num="286" count="1" type="stmt"/>
        <line num="288" count="1" type="cond" truecount="1" falsecount="0"/>
        <line num="289" count="21" type="cond" truecount="2" falsecount="0"/>
        <line num="290" count="21" type="cond" truecount="2" falsecount="0"/>
        <line num="292" count="19" type="stmt"/>
        <line num="296" count="19" type="stmt"/>
        <line num="297" count="19" type="stmt"/>
        <line num="298" count="19" type="cond" truecount="1" falsecount="0"/>
        <line num="299" count="11" type="cond" truecount="2" falsecount="0"/>
        <line num="300" count="7" type="cond" truecount="1" falsecount="0"/>
        <line num="301" count="5" type="cond" truecount="1" falsecount="0"/>
        <line num="302" count="4" type="stmt"/>
        <line num="303" count="21" type="cond" truecount="1" falsecount="0"/>
        <line num="304" count="3" type="stmt"/>
        <line num="305" count="3" type="cond" truecount="1" falsecount="0"/>
        <line num="308" count="21" type="cond" truecount="1" falsecount="0"/>
        <line num="309" count="11" type="cond" truecount="2" falsecount="0"/>
        <line num="311" count="4" type="stmt"/>
        <line num="312" count="4" type="cond" truecount="1" falsecount="0"/>
        <line num="313" count="4" type="cond" truecount="1" falsecount="0"/>
        <line num="314" count="11" type="cond" truecount="2" falsecount="0"/>
        <line num="316" count="2" type="stmt"/>
        <line num="317" count="2" type="stmt"/>
        <line num="318" count="2" type="stmt"/>
        <line num="319" count="11" type="cond" truecount="1" falsecount="0"/>
        <line num="322" count="21" type="cond" truecount="3" falsecount="0"/>
        <line num="323" count="4" type="stmt"/>
        <line num="324" count="4" type="cond" truecount="1" falsecount="0"/>
        <line num="327" count="21" type="cond" truecount="3" falsecount="0"/>
        <line num="328" count="21" type="cond" truecount="3" falsecount="0"/>
        <line num="330" count="7" type="stmt"/>
        <line num="331" count="7" type="stmt"/>
        <line num="334" count="1" type="cond" truecount="1" falsecount="0"/>
        <line num="335" count="26" type="cond" truecount="2" falsecount="0"/>
        <line num="336" count="2" type="stmt"/>
        <line num="337" count="2" type="stmt"/>
        <line num="338" count="2" type="stmt"/>
        <line num="339" count="2" type="stmt"/>
        <line num="340" count="2" type="stmt"/>
        <line num="341" count="2" type="cond" truecount="1" falsecount="0"/>
        <line num="342" count="24" type="stmt"/>
        <line num="343" count="24" type="stmt"/>
        <line num="345" count="1" type="cond" truecount="1" falsecount="0"/>
        <line num="346" count="79" type="stmt"/>
        <line num="348" count="79" type="cond" truecount="1" falsecount="0"/>
        <line num="349" count="72" type="cond" truecount="2" falsecount="0"/>
        <line num="350" count="1" type="stmt"/>
        <line num="351" count="1" type="cond" truecount="1" falsecount="0"/>
        <line num="353" count="71" type="stmt"/>
        <line num="354" count="72" type="cond" truecount="1" falsecount="0"/>
        <line num="355" count="1" type="stmt"/>
        <line num="357" count="72" type="cond" truecount="1" falsecount="0"/>
        <line num="358" count="21" type="cond" truecount="1" falsecount="0"/>
        <line num="359" count="21" type="cond" truecount="0" falsecount="1"/>
        <line num="360" count="21" type="stmt"/>
        <line num="361" count="21" type="stmt"/>
        <line num="362" count="21" type="stmt"/>
        <line num="364" count="72" type="cond" truecount="1" falsecount="0"/>
        <line num="365" count="9" type="stmt"/>
        <line num="367" count="72" type="cond" truecount="1" falsecount="0"/>
        <line num="368" count="11" type="cond" truecount="0" falsecount="1"/>
        <line num="369" count="11" type="stmt"/>
        <line num="370" count="11" type="stmt"/>
        <line num="372" count="72" type="cond" truecount="1" falsecount="0"/>
        <line num="374" count="5" type="cond" truecount="1" falsecount="0"/>
        <line num="375" count="4" type="stmt"/>
        <line num="376" count="4" type="cond" truecount="1" falsecount="0"/>
        <line num="378" count="1" type="stmt"/>
        <line num="379" count="1" type="stmt"/>
        <line num="380" count="1" type="stmt"/>
        <line num="381" count="1" type="stmt"/>
        <line num="382" count="1" type="stmt"/>
        <line num="383" count="5" type="cond" truecount="0" falsecount="1"/>
        <line num="384" count="5" type="stmt"/>
        <line num="385" count="5" type="stmt"/>
        <line num="387" count="72" type="cond" truecount="1" falsecount="0"/>
        <line num="388" count="6" type="cond" truecount="0" falsecount="1"/>
        <line num="389" count="6" type="stmt"/>
        <line num="390" count="6" type="stmt"/>
        <line num="392" count="72" type="cond" truecount="1" falsecount="0"/>
        <line num="393" count="1" type="stmt"/>
        <line num="395" count="72" type="cond" truecount="1" falsecount="0"/>
        <line num="396" count="5" type="stmt"/>
        <line num="397" count="5" type="cond" truecount="2" falsecount="0"/>
        <line num="398" count="5" type="stmt"/>
        <line num="399" count="5" type="cond" truecount="1" falsecount="0"/>
        <line num="400" count="3" type="stmt"/>
        <line num="402" count="3" type="stmt"/>
        <line num="403" count="3" type="stmt"/>
        <line num="404" count="3" type="stmt"/>
        <line num="405" count="3" type="stmt"/>
        <line num="406" count="3" type="stmt"/>
        <line num="407" count="3" type="stmt"/>
        <line num="408" count="3" type="stmt"/>
        <line num="409" count="3" type="cond" truecount="0" falsecount="1"/>
        <line num="410" count="3" type="stmt"/>
        <line num="411" count="5" type="cond" truecount="1" falsecount="0"/>
        <line num="412" count="2" type="stmt"/>
        <line num="413" count="2" type="stmt"/>
        <line num="414" count="2" type="stmt"/>
        <line num="415" count="2" type="stmt"/>
        <line num="416" count="2" type="stmt"/>
        <line num="417" count="2" type="stmt"/>
        <line num="418" count="2" type="stmt"/>
        <line num="419" count="2" type="cond" truecount="0" falsecount="1"/>
        <line num="420" count="2" type="stmt"/>
        <line num="421" count="2" type="stmt"/>
        <line num="422" count="5" type="stmt"/>
        <line num="424" count="72" type="cond" truecount="1" falsecount="0"/>
        <line num="425" count="7" type="cond" truecount="0" falsecount="1"/>
        <line num="426" count="7" type="stmt"/>
        <line num="427" count="7" type="stmt"/>
        <line num="428" count="7" type="cond" truecount="2" falsecount="0"/>
        <line num="430" count="7" type="cond" truecount="1" falsecount="0"/>
        <line num="431" count="2" type="stmt"/>
        <line num="432" count="2" type="stmt"/>
        <line num="433" count="7" type="cond" truecount="2" falsecount="0"/>
        <line num="435" count="4" type="stmt"/>
        <line num="436" count="4" type="stmt"/>
        <line num="437" count="4" type="stmt"/>
        <line num="438" count="4" type="stmt"/>
        <line num="440" count="4" type="cond" truecount="1" falsecount="0"/>
        <line num="441" count="4" type="cond" truecount="1" falsecount="0"/>
        <line num="442" count="4" type="cond" truecount="1" falsecount="0"/>
        <line num="444" count="4" type="stmt"/>
        <line num="445" count="4" type="stmt"/>
        <line num="446" count="4" type="cond" truecount="1" falsecount="1"/>
        <line num="448" count="4" type="stmt"/>
        <line num="449" count="4" type="stmt"/>
        <line num="450" count="4" type="stmt"/>
        <line num="451" count="4" type="stmt"/>
        <line num="452" count="4" type="stmt"/>
        <line num="453" count="4" type="stmt"/>
        <line num="454" count="4" type="stmt"/>
        <line num="455" count="4" type="stmt"/>
        <line num="456" count="4" type="cond" truecount="0" falsecount="1"/>
        <line num="457" count="4" type="stmt"/>
        <line num="458" count="4" type="stmt"/>
        <line num="459" count="5" type="cond" truecount="1" falsecount="0"/>
        <line num="460" count="1" type="stmt"/>
        <line num="461" count="1" type="stmt"/>
        <line num="462" count="1" type="stmt"/>
        <line num="463" count="1" type="stmt"/>
        <line num="464" count="1" type="stmt"/>
        <line num="465" count="1" type="cond" truecount="0" falsecount="1"/>
        <line num="466" count="1" type="stmt"/>
        <line num="467" count="1" type="stmt"/>
        <line num="468" count="7" type="stmt"/>
        <line num="470" count="72" type="cond" truecount="1" falsecount="0"/>
        <line num="471" count="2" type="stmt"/>
        <line num="472" count="2" type="stmt"/>
        <line num="473" count="2" type="stmt"/>
        <line num="474" count="2" type="stmt"/>
        <line num="476" count="72" type="cond" truecount="1" falsecount="0"/>
        <line num="477" count="1" type="stmt"/>
        <line num="479" count="72" type="cond" truecount="1" falsecount="0"/>
        <line num="480" count="1" type="stmt"/>
        <line num="482" count="72" type="cond" truecount="1" falsecount="0"/>
        <line num="483" count="1" type="stmt"/>
        <line num="484" count="72" type="stmt"/>
        <line num="485" count="72" type="stmt"/>
        <line num="486" count="79" type="stmt"/>
        <line num="488" count="1" type="stmt"/>
      </file>
    </package>
    <package name="DecisionPanel">
      <metrics statements="181" coveredstatements="176" conditionals="78" coveredconditionals="70" methods="16" coveredmethods="16"/>
      <file name="index.tsx" path="/home/runner/work/self-playing-baseball/self-playing-baseball/src/DecisionPanel/index.tsx">
        <metrics statements="181" coveredstatements="176" conditionals="78" coveredconditionals="70" methods="16" coveredmethods="16"/>
        <line num="1" count="1" type="stmt"/>
        <line num="2" count="1" type="stmt"/>
        <line num="3" count="1" type="stmt"/>
        <line num="4" count="1" type="stmt"/>
        <line num="6" count="1" type="stmt"/>
        <line num="7" count="1" type="stmt"/>
        <line num="9" count="1" type="cond" truecount="1" falsecount="0"/>
        <line num="10" count="23" type="stmt"/>
        <line num="11" count="23" type="cond" truecount="3" falsecount="0"/>
        <line num="12" count="23" type="cond" truecount="1" falsecount="0"/>
        <line num="13" count="23" type="cond" truecount="1" falsecount="0"/>
        <line num="14" count="23" type="cond" truecount="1" falsecount="0"/>
        <line num="15" count="23" type="cond" truecount="1" falsecount="0"/>
        <line num="16" count="23" type="cond" truecount="0" falsecount="1"/>
        <line num="17" count="23" type="stmt"/>
        <line num="18" count="23" type="stmt"/>
        <line num="20" count="1" type="cond" truecount="1" falsecount="0"/>
        <line num="21" count="7" type="stmt"/>
        <line num="22" count="7" type="cond" truecount="1" falsecount="0"/>
        <line num="23" count="7" type="cond" truecount="1" falsecount="0"/>
        <line num="24" count="7" type="cond" truecount="1" falsecount="0"/>
        <line num="25" count="7" type="cond" truecount="0" falsecount="1"/>
        <line num="26" count="7" type="cond" truecount="0" falsecount="1"/>
        <line num="27" count="7" type="cond" truecount="0" falsecount="1"/>
        <line num="28" count="7" type="stmt"/>
        <line num="29" count="7" type="stmt"/>
        <line num="39" count="1" type="cond" truecount="1" falsecount="0"/>
        <line num="40" count="23" type="cond" truecount="0" falsecount="1"/>
        <line num="42" count="23" type="stmt"/>
        <line num="43" count="23" type="stmt"/>
        <line num="45" count="23" type="cond" truecount="1" falsecount="0"/>
        <line num="46" count="7" type="stmt"/>
        <line num="47" count="7" type="cond" truecount="1" falsecount="0"/>
        <line num="48" count="7" type="stmt"/>
        <line num="49" count="7" type="stmt"/>
        <line num="50" count="7" type="stmt"/>
        <line num="51" count="7" type="stmt"/>
        <line num="52" count="7" type="stmt"/>
        <line num="53" count="7" type="stmt"/>
        <line num="54" count="7" type="stmt"/>
        <line num="56" count="0" type="stmt"/>
        <line num="57" count="0" type="stmt"/>
        <line num="58" count="0" type="stmt"/>
        <line num="59" count="0" type="stmt"/>
        <line num="60" count="7" type="stmt"/>
        <line num="61" count="23" type="cond" truecount="1" falsecount="0"/>
        <line num="62" count="16" type="stmt"/>
        <line num="63" count="16" type="stmt"/>
        <line num="64" count="16" type="cond" truecount="1" falsecount="0"/>
        <line num="65" count="16" type="cond" truecount="0" falsecount="1"/>
        <line num="66" count="16" type="stmt"/>
        <line num="67" count="23" type="stmt"/>
        <line num="70" count="1" type="cond" truecount="1" falsecount="0"/>
        <line num="71" count="8" type="cond" truecount="2" falsecount="0"/>
        <line num="72" count="3" type="stmt"/>
        <line num="73" count="3" type="cond" truecount="1" falsecount="0"/>
        <line num="74" count="3" type="cond" truecount="1" falsecount="0"/>
        <line num="75" count="3" type="cond" truecount="1" falsecount="0"/>
        <line num="76" count="3" type="stmt"/>
        <line num="78" count="1" type="stmt"/>
        <line num="91" count="1" type="stmt"/>
        <line num="97" count="1" type="stmt"/>
        <line num="102" count="1" type="stmt"/>
        <line num="114" count="1" type="stmt"/>
        <line num="119" count="1" type="stmt"/>
        <line num="127" count="1" type="stmt"/>
        <line num="135" count="1" type="stmt"/>
        <line num="137" count="1" type="cond" truecount="1" falsecount="0"/>
        <line num="138" count="1" type="cond" truecount="1" falsecount="1"/>
        <line num="143" count="1" type="stmt"/>
        <line num="155" count="1" type="cond" truecount="1" falsecount="0"/>
        <line num="156" count="32" type="stmt"/>
        <line num="157" count="32" type="stmt"/>
        <line num="160" count="32" type="cond" truecount="1" falsecount="0"/>
        <line num="161" count="31" type="cond" truecount="2" falsecount="0"/>
        <line num="162" count="10" type="cond" truecount="1" falsecount="0"/>
        <line num="163" count="10" type="cond" truecount="2" falsecount="0"/>
        <line num="164" count="9" type="stmt"/>
        <line num="165" count="9" type="stmt"/>
        <line num="166" count="10" type="cond" truecount="1" falsecount="0"/>
        <line num="167" count="10" type="cond" truecount="1" falsecount="0"/>
        <line num="168" count="10" type="cond" truecount="1" falsecount="0"/>
        <line num="169" count="10" type="cond" truecount="1" falsecount="0"/>
        <line num="170" count="10" type="cond" truecount="1" falsecount="0"/>
        <line num="171" count="10" type="cond" truecount="1" falsecount="0"/>
        <line num="172" count="10" type="cond" truecount="1" falsecount="0"/>
        <line num="173" count="10" type="cond" truecount="1" falsecount="0"/>
        <line num="174" count="10" type="cond" truecount="1" falsecount="0"/>
        <line num="175" count="10" type="stmt"/>
        <line num="176" count="10" type="stmt"/>
        <line num="177" count="10" type="stmt"/>
        <line num="178" count="10" type="cond" truecount="1" falsecount="0"/>
        <line num="179" count="32" type="stmt"/>
        <line num="182" count="32" type="cond" truecount="1" falsecount="0"/>
        <line num="183" count="31" type="cond" truecount="2" falsecount="0"/>
        <line num="184" count="8" type="stmt"/>
        <line num="185" count="8" type="stmt"/>
        <line num="186" count="8" type="stmt"/>
        <line num="187" count="8" type="cond" truecount="1" falsecount="0"/>
        <line num="188" count="23" type="stmt"/>
        <line num="191" count="23" type="stmt"/>
        <line num="194" count="23" type="stmt"/>
        <line num="196" count="23" type="cond" truecount="1" falsecount="0"/>
        <line num="197" count="10" type="cond" truecount="1" falsecount="0"/>
        <line num="198" count="10" type="cond" truecount="1" falsecount="0"/>
        <line num="199" count="1" type="stmt"/>
        <line num="200" count="1" type="stmt"/>
        <line num="201" count="1" type="cond" truecount="1" falsecount="0"/>
        <line num="202" count="9" type="stmt"/>
        <line num="203" count="10" type="stmt"/>
        <line num="204" count="23" type="stmt"/>
        <line num="205" count="23" type="cond" truecount="1" falsecount="0"/>
        <line num="206" count="32" type="stmt"/>
        <line num="208" count="32" type="cond" truecount="3" falsecount="0"/>
        <line num="210" count="24" type="cond" truecount="1" falsecount="0"/>
        <line num="211" count="24" type="stmt"/>
        <line num="213" count="24" type="cond" truecount="1" falsecount="0"/>
        <line num="214" count="24" type="stmt"/>
        <line num="215" count="24" type="cond" truecount="1" falsecount="0"/>
        <line num="216" count="4" type="stmt"/>
        <line num="217" count="4" type="stmt"/>
        <line num="218" count="4" type="stmt"/>
        <line num="219" count="4" type="cond" truecount="2" falsecount="0"/>
        <line num="220" count="4" type="stmt"/>
        <line num="221" count="4" type="cond" truecount="1" falsecount="0"/>
        <line num="223" count="4" type="stmt"/>
        <line num="224" count="4" type="stmt"/>
        <line num="225" count="4" type="stmt"/>
        <line num="227" count="4" type="stmt"/>
        <line num="228" count="24" type="cond" truecount="1" falsecount="0"/>
        <line num="229" count="11" type="stmt"/>
        <line num="230" count="11" type="stmt"/>
        <line num="231" count="11" type="stmt"/>
        <line num="232" count="11" type="cond" truecount="1" falsecount="0"/>
        <line num="234" count="11" type="stmt"/>
        <line num="235" count="11" type="stmt"/>
        <line num="236" count="11" type="stmt"/>
        <line num="238" count="24" type="cond" truecount="1" falsecount="0"/>
        <line num="239" count="4" type="stmt"/>
        <line num="240" count="4" type="stmt"/>
        <line num="241" count="4" type="stmt"/>
        <line num="242" count="4" type="cond" truecount="1" falsecount="0"/>
        <line num="244" count="4" type="stmt"/>
        <line num="245" count="4" type="cond" truecount="1" falsecount="0"/>
        <line num="247" count="4" type="stmt"/>
        <line num="248" count="4" type="stmt"/>
        <line num="249" count="4" type="stmt"/>
        <line num="251" count="24" type="cond" truecount="1" falsecount="0"/>
        <line num="252" count="3" type="stmt"/>
        <line num="253" count="3" type="stmt"/>
        <line num="254" count="3" type="stmt"/>
        <line num="255" count="3" type="cond" truecount="1" falsecount="0"/>
        <line num="257" count="3" type="stmt"/>
        <line num="258" count="3" type="cond" truecount="1" falsecount="0"/>
        <line num="260" count="3" type="stmt"/>
        <line num="261" count="3" type="stmt"/>
        <line num="262" count="3" type="stmt"/>
        <line num="264" count="24" type="cond" truecount="1" falsecount="0"/>
        <line num="265" count="2" type="stmt"/>
        <line num="266" count="2" type="stmt"/>
        <line num="267" count="2" type="stmt"/>
        <line num="268" count="2" type="cond" truecount="1" falsecount="0"/>
        <line num="270" count="2" type="stmt"/>
        <line num="271" count="2" type="stmt"/>
        <line num="272" count="2" type="stmt"/>
        <line num="274" count="24" type="cond" truecount="0" falsecount="1"/>
        <line num="275" count="0" type="stmt"/>
        <line num="276" count="24" type="stmt"/>
        <line num="277" count="24" type="stmt"/>
        <line num="279" count="24" type="stmt"/>
        <line num="280" count="24" type="stmt"/>
        <line num="281" count="24" type="stmt"/>
        <line num="282" count="24" type="stmt"/>
        <line num="283" count="24" type="stmt"/>
        <line num="284" count="24" type="stmt"/>
        <line num="285" count="24" type="stmt"/>
        <line num="286" count="24" type="stmt"/>
        <line num="287" count="24" type="stmt"/>
        <line num="288" count="24" type="stmt"/>
        <line num="290" count="24" type="stmt"/>
        <line num="292" count="1" type="stmt"/>
      </file>
    </package>
    <package name="Diamond">
      <metrics statements="31" coveredstatements="31" conditionals="17" coveredconditionals="17" methods="4" coveredmethods="4"/>
      <file name="index.tsx" path="/home/runner/work/self-playing-baseball/self-playing-baseball/src/Diamond/index.tsx">
        <metrics statements="31" coveredstatements="31" conditionals="17" coveredconditionals="17" methods="4" coveredmethods="4"/>
        <line num="1" count="1" type="stmt"/>
        <line num="3" count="1" type="stmt"/>
        <line num="4" count="1" type="stmt"/>
        <line num="5" count="1" type="stmt"/>
        <line num="7" count="1" type="stmt"/>
        <line num="20" count="1" type="stmt"/>
        <line num="37" count="1" type="stmt"/>
        <line num="51" count="1" type="stmt"/>
        <line num="86" count="1" type="stmt"/>
        <line num="87" count="1" type="cond" truecount="5" falsecount="0"/>
        <line num="91" count="1" type="cond" truecount="4" falsecount="0"/>
        <line num="92" count="1" type="cond" truecount="4" falsecount="0"/>
        <line num="93" count="1" type="cond" truecount="3" falsecount="0"/>
        <line num="96" count="1" type="cond" truecount="1" falsecount="0"/>
        <line num="97" count="17" type="stmt"/>
        <line num="98" count="17" type="stmt"/>
        <line num="100" count="17" type="stmt"/>
        <line num="101" count="17" type="stmt"/>
        <line num="102" count="17" type="stmt"/>
        <line num="103" count="17" type="stmt"/>
        <line num="104" count="17" type="stmt"/>
        <line num="105" count="17" type="stmt"/>
        <line num="106" count="17" type="stmt"/>
        <line num="107" count="17" type="stmt"/>
        <line num="108" count="17" type="stmt"/>
        <line num="110" count="17" type="stmt"/>
        <line num="111" count="17" type="stmt"/>
        <line num="112" count="17" type="stmt"/>
        <line num="113" count="17" type="stmt"/>
        <line num="115" count="17" type="stmt"/>
        <line num="117" count="1" type="stmt"/>
      </file>
    </package>
    <package name="Game">
      <metrics statements="76" coveredstatements="76" conditionals="5" coveredconditionals="5" methods="3" coveredmethods="3"/>
      <file name="GameInner.tsx" path="/home/runner/work/self-playing-baseball/self-playing-baseball/src/Game/GameInner.tsx">
        <metrics statements="57" coveredstatements="57" conditionals="4" coveredconditionals="4" methods="2" coveredmethods="2"/>
        <line num="1" count="1" type="stmt"/>
        <line num="3" count="1" type="stmt"/>
        <line num="4" count="1" type="stmt"/>
        <line num="5" count="1" type="stmt"/>
        <line num="6" count="1" type="stmt"/>
        <line num="7" count="1" type="stmt"/>
        <line num="8" count="1" type="stmt"/>
        <line num="9" count="1" type="stmt"/>
        <line num="16" count="1" type="stmt"/>
        <line num="34" count="1" type="stmt"/>
        <line num="46" count="1" type="stmt"/>
        <line num="57" count="1" type="stmt"/>
        <line num="70" count="1" type="stmt"/>
        <line num="85" count="1" type="stmt"/>
        <line num="100" count="1" type="cond" truecount="1" falsecount="0"/>
        <line num="101" count="14" type="stmt"/>
        <line num="103" count="14" type="cond" truecount="1" falsecount="0"/>
        <line num="104" count="6" type="stmt"/>
        <line num="105" count="6" type="stmt"/>
        <line num="106" count="6" type="stmt"/>
        <line num="107" count="6" type="stmt"/>
        <line num="108" count="14" type="stmt"/>
        <line num="110" count="14" type="cond" truecount="2" falsecount="0"/>
        <line num="111" count="1" type="stmt"/>
        <line num="112" count="1" type="stmt"/>
        <line num="113" count="1" type="stmt"/>
        <line num="115" count="1" type="stmt"/>
        <line num="116" count="1" type="stmt"/>
        <line num="117" count="1" type="stmt"/>
        <line num="118" count="1" type="stmt"/>
        <line num="119" count="1" type="stmt"/>
        <line num="120" count="1" type="stmt"/>
        <line num="122" count="14" type="stmt"/>
        <line num="123" count="14" type="stmt"/>
        <line num="124" count="14" type="stmt"/>
        <line num="125" count="14" type="stmt"/>
        <line num="126" count="14" type="stmt"/>
        <line num="127" count="14" type="stmt"/>
        <line num="128" count="14" type="stmt"/>
        <line num="129" count="14" type="stmt"/>
        <line num="130" count="14" type="stmt"/>
        <line num="131" count="14" type="stmt"/>
        <line num="133" count="14" type="stmt"/>
        <line num="134" count="14" type="stmt"/>
        <line num="135" count="14" type="stmt"/>
        <line num="136" count="14" type="stmt"/>
        <line num="137" count="14" type="stmt"/>
        <line num="138" count="14" type="stmt"/>
        <line num="139" count="14" type="stmt"/>
        <line num="140" count="14" type="stmt"/>
        <line num="141" count="14" type="stmt"/>
        <line num="142" count="14" type="stmt"/>
        <line num="143" count="14" type="stmt"/>
        <line num="144" count="14" type="stmt"/>
        <line num="145" count="14" type="stmt"/>
        <line num="147" count="14" type="stmt"/>
        <line num="149" count="1" type="stmt"/>
      </file>
      <file name="index.tsx" path="/home/runner/work/self-playing-baseball/self-playing-baseball/src/Game/index.tsx">
        <metrics statements="19" coveredstatements="19" conditionals="1" coveredconditionals="1" methods="1" coveredmethods="1"/>
        <line num="1" count="1" type="stmt"/>
        <line num="3" count="1" type="stmt"/>
        <line num="7" count="1" type="stmt"/>
        <line num="10" count="1" type="stmt"/>
        <line num="17" count="1" type="stmt"/>
        <line num="18" count="1" type="stmt"/>
        <line num="19" count="1" type="stmt"/>
        <line num="20" count="1" type="stmt"/>
        <line num="21" count="1" type="stmt"/>
        <line num="22" count="1" type="stmt"/>
        <line num="23" count="1" type="stmt"/>
        <line num="24" count="1" type="stmt"/>
        <line num="30" count="1" type="cond" truecount="1" falsecount="0"/>
        <line num="31" count="2" type="stmt"/>
        <line num="32" count="2" type="stmt"/>
        <line num="34" count="2" type="stmt"/>
        <line num="35" count="2" type="stmt"/>
        <line num="36" count="2" type="stmt"/>
        <line num="39" count="1" type="stmt"/>
      </file>
    </package>
    <package name="InstructionsModal">
      <metrics statements="78" coveredstatements="78" conditionals="6" coveredconditionals="4" methods="4" coveredmethods="4"/>
      <file name="index.tsx" path="/home/runner/work/self-playing-baseball/self-playing-baseball/src/InstructionsModal/index.tsx">
        <metrics statements="78" coveredstatements="78" conditionals="6" coveredconditionals="4" methods="4" coveredmethods="4"/>
        <line num="1" count="1" type="stmt"/>
        <line num="2" count="1" type="stmt"/>
        <line num="8" count="1" type="stmt"/>
        <line num="28" count="1" type="stmt"/>
        <line num="45" count="1" type="stmt"/>
        <line num="54" count="1" type="stmt"/>
        <line num="58" count="1" type="stmt"/>
        <line num="66" count="1" type="stmt"/>
        <line num="72" count="1" type="stmt"/>
        <line num="76" count="1" type="stmt"/>
        <line num="94" count="1" type="cond" truecount="1" falsecount="0"/>
        <line num="95" count="19" type="stmt"/>
        <line num="97" count="19" type="cond" truecount="1" falsecount="0"/>
        <line num="98" count="19" type="cond" truecount="1" falsecount="0"/>
        <line num="101" count="19" type="cond" truecount="1" falsecount="0"/>
        <line num="102" count="2" type="stmt"/>
        <line num="103" count="2" type="cond" truecount="0" falsecount="1"/>
        <line num="104" count="2" type="stmt"/>
        <line num="105" count="2" type="stmt"/>
        <line num="106" count="2" type="stmt"/>
        <line num="107" count="2" type="cond" truecount="0" falsecount="1"/>
        <line num="108" count="2" type="stmt"/>
        <line num="110" count="19" type="stmt"/>
        <line num="111" count="19" type="stmt"/>
        <line num="112" count="19" type="stmt"/>
        <line num="114" count="19" type="stmt"/>
        <line num="115" count="19" type="stmt"/>
        <line num="117" count="19" type="stmt"/>
        <line num="118" count="19" type="stmt"/>
        <line num="119" count="19" type="stmt"/>
        <line num="120" count="19" type="stmt"/>
        <line num="121" count="19" type="stmt"/>
        <line num="122" count="19" type="stmt"/>
        <line num="123" count="19" type="stmt"/>
        <line num="124" count="19" type="stmt"/>
        <line num="125" count="19" type="stmt"/>
        <line num="126" count="19" type="stmt"/>
        <line num="128" count="19" type="stmt"/>
        <line num="129" count="19" type="stmt"/>
        <line num="130" count="19" type="stmt"/>
        <line num="131" count="19" type="stmt"/>
        <line num="132" count="19" type="stmt"/>
        <line num="133" count="19" type="stmt"/>
        <line num="134" count="19" type="stmt"/>
        <line num="135" count="19" type="stmt"/>
        <line num="137" count="19" type="stmt"/>
        <line num="138" count="19" type="stmt"/>
        <line num="139" count="19" type="stmt"/>
        <line num="140" count="19" type="stmt"/>
        <line num="141" count="19" type="stmt"/>
        <line num="142" count="19" type="stmt"/>
        <line num="143" count="19" type="stmt"/>
        <line num="144" count="19" type="stmt"/>
        <line num="145" count="19" type="stmt"/>
        <line num="146" count="19" type="stmt"/>
        <line num="147" count="19" type="stmt"/>
        <line num="149" count="19" type="stmt"/>
        <line num="150" count="19" type="stmt"/>
        <line num="151" count="19" type="stmt"/>
        <line num="152" count="19" type="stmt"/>
        <line num="153" count="19" type="stmt"/>
        <line num="154" count="19" type="stmt"/>
        <line num="155" count="19" type="stmt"/>
        <line num="157" count="19" type="stmt"/>
        <line num="158" count="19" type="stmt"/>
        <line num="159" count="19" type="stmt"/>
        <line num="160" count="19" type="stmt"/>
        <line num="161" count="19" type="stmt"/>
        <line num="162" count="19" type="stmt"/>
        <line num="163" count="19" type="stmt"/>
        <line num="164" count="19" type="stmt"/>
        <line num="165" count="19" type="stmt"/>
        <line num="166" count="19" type="stmt"/>
        <line num="168" count="19" type="stmt"/>
        <line num="169" count="19" type="stmt"/>
        <line num="170" count="19" type="stmt"/>
        <line num="172" count="19" type="stmt"/>
        <line num="174" count="1" type="stmt"/>
      </file>
    </package>
    <package name="ScoreBoard">
      <metrics statements="32" coveredstatements="32" conditionals="9" coveredconditionals="9" methods="2" coveredmethods="2"/>
      <file name="index.tsx" path="/home/runner/work/self-playing-baseball/self-playing-baseball/src/ScoreBoard/index.tsx">
        <metrics statements="32" coveredstatements="32" conditionals="9" coveredconditionals="9" methods="2" coveredmethods="2"/>
        <line num="1" count="1" type="stmt"/>
        <line num="3" count="1" type="stmt"/>
        <line num="4" count="1" type="stmt"/>
        <line num="6" count="1" type="stmt"/>
        <line num="8" count="1" type="stmt"/>
        <line num="20" count="1" type="stmt"/>
        <line num="24" count="1" type="stmt"/>
        <line num="27" count="1" type="stmt"/>
        <line num="31" count="1" type="stmt"/>
        <line num="34" count="1" type="stmt"/>
        <line num="35" count="1" type="cond" truecount="3" falsecount="0"/>
        <line num="36" count="1" type="cond" truecount="3" falsecount="0"/>
        <line num="39" count="1" type="stmt"/>
        <line num="50" count="1" type="cond" truecount="1" falsecount="0"/>
        <line num="51" count="19" type="stmt"/>
        <line num="53" count="19" type="stmt"/>
        <line num="54" count="19" type="stmt"/>
        <line num="55" count="19" type="cond" truecount="1" falsecount="0"/>
        <line num="56" count="38" type="stmt"/>
        <line num="57" count="38" type="stmt"/>
        <line num="58" count="38" type="stmt"/>
        <line num="59" count="19" type="stmt"/>
        <line num="60" count="19" type="stmt"/>
        <line num="61" count="19" type="stmt"/>
        <line num="62" count="19" type="stmt"/>
        <line num="63" count="19" type="stmt"/>
        <line num="64" count="19" type="stmt"/>
        <line num="65" count="19" type="stmt"/>
        <line num="66" count="19" type="cond" truecount="1" falsecount="0"/>
        <line num="67" count="19" type="stmt"/>
        <line num="69" count="19" type="stmt"/>
        <line num="71" count="1" type="stmt"/>
      </file>
    </package>
    <package name="constants">
      <metrics statements="6" coveredstatements="6" conditionals="1" coveredconditionals="1" methods="0" coveredmethods="0"/>
      <file name="hitTypes.ts" path="/home/runner/work/self-playing-baseball/self-playing-baseball/src/constants/hitTypes.ts">
        <metrics statements="6" coveredstatements="6" conditionals="1" coveredconditionals="1" methods="0" coveredmethods="0"/>
        <line num="1" count="1" type="cond" truecount="1" falsecount="0"/>
        <line num="2" count="1" type="stmt"/>
        <line num="3" count="1" type="stmt"/>
        <line num="4" count="1" type="stmt"/>
        <line num="5" count="1" type="stmt"/>
        <line num="6" count="1" type="stmt"/>
      </file>
    </package>
    <package name="utilities">
      <metrics statements="238" coveredstatements="227" conditionals="78" coveredconditionals="59" methods="27" coveredmethods="27"/>
      <file name="announce.ts" path="/home/runner/work/self-playing-baseball/self-playing-baseball/src/utilities/announce.ts">
        <metrics statements="167" coveredstatements="162" conditionals="50" coveredconditionals="36" methods="19" coveredmethods="19"/>
        <line num="1" count="1" type="stmt"/>
        <line num="6" count="1" type="stmt"/>
        <line num="7" count="1" type="stmt"/>
        <line num="11" count="1" type="stmt"/>
        <line num="13" count="1" type="cond" truecount="1" falsecount="0"/>
        <line num="14" count="1" type="cond" truecount="0" falsecount="1"/>
        <line num="15" count="1" type="stmt"/>
        <line num="16" count="1" type="stmt"/>
        <line num="17" count="1" type="cond" truecount="0" falsecount="1"/>
        <line num="19" count="0" type="stmt"/>
        <line num="20" count="0" type="stmt"/>
        <line num="21" count="0" type="cond" truecount="0" falsecount="1"/>
        <line num="22" count="0" type="stmt"/>
        <line num="23" count="1" type="stmt"/>
        <line num="26" count="1" type="stmt"/>
        <line num="27" count="1" type="stmt"/>
        <line num="28" count="1" type="stmt"/>
        <line num="29" count="1" type="stmt"/>
        <line num="35" count="1" type="stmt"/>
        <line num="36" count="1" type="stmt"/>
        <line num="37" count="1" type="stmt"/>
        <line num="40" count="1" type="cond" truecount="1" falsecount="0"/>
        <line num="41" count="4" type="stmt"/>
        <line num="42" count="4" type="stmt"/>
        <line num="43" count="4" type="stmt"/>
        <line num="44" count="4" type="stmt"/>
        <line num="45" count="4" type="stmt"/>
        <line num="46" count="4" type="stmt"/>
        <line num="50" count="1" type="stmt"/>
        <line num="52" count="1" type="cond" truecount="1" falsecount="0"/>
        <line num="53" count="3" type="stmt"/>
        <line num="54" count="3" type="stmt"/>
        <line num="55" count="3" type="stmt"/>
        <line num="56" count="3" type="stmt"/>
        <line num="57" count="3" type="stmt"/>
        <line num="58" count="3" type="cond" truecount="0" falsecount="1"/>
        <line num="60" count="3" type="stmt"/>
        <line num="61" count="3" type="stmt"/>
        <line num="62" count="3" type="stmt"/>
        <line num="63" count="3" type="stmt"/>
        <line num="64" count="3" type="cond" truecount="0" falsecount="1"/>
        <line num="65" count="3" type="stmt"/>
        <line num="66" count="3" type="stmt"/>
        <line num="70" count="1" type="cond" truecount="1" falsecount="0"/>
        <line num="71" count="42" type="stmt"/>
        <line num="72" count="42" type="cond" truecount="1" falsecount="0"/>
        <line num="74" count="4" type="cond" truecount="1" falsecount="0"/>
        <line num="75" count="4" type="stmt"/>
        <line num="76" count="4" type="stmt"/>
        <line num="77" count="4" type="stmt"/>
        <line num="78" count="42" type="stmt"/>
        <line num="80" count="1" type="cond" truecount="1" falsecount="0"/>
        <line num="81" count="39" type="stmt"/>
        <line num="82" count="39" type="stmt"/>
        <line num="84" count="1" type="cond" truecount="1" falsecount="0"/>
        <line num="85" count="1" type="cond" truecount="1" falsecount="0"/>
        <line num="87" count="1" type="cond" truecount="1" falsecount="0"/>
        <line num="88" count="9" type="cond" truecount="2" falsecount="0"/>
        <line num="89" count="8" type="stmt"/>
        <line num="90" count="9" type="cond" truecount="2" falsecount="0"/>
        <line num="91" count="8" type="stmt"/>
        <line num="92" count="8" type="stmt"/>
        <line num="94" count="1" type="cond" truecount="1" falsecount="0"/>
        <line num="95" count="32" type="cond" truecount="1" falsecount="0"/>
        <line num="96" count="32" type="stmt"/>
        <line num="97" count="32" type="stmt"/>
        <line num="98" count="32" type="stmt"/>
        <line num="106" count="1" type="cond" truecount="1" falsecount="0"/>
        <line num="108" count="4" type="stmt"/>
        <line num="109" count="4" type="stmt"/>
        <line num="110" count="4" type="stmt"/>
        <line num="111" count="4" type="stmt"/>
        <line num="112" count="4" type="stmt"/>
        <line num="114" count="4" type="stmt"/>
        <line num="115" count="4" type="stmt"/>
        <line num="116" count="4" type="stmt"/>
        <line num="118" count="1" type="cond" truecount="2" falsecount="0"/>
        <line num="119" count="1" type="cond" truecount="1" falsecount="0"/>
        <line num="120" count="7" type="cond" truecount="2" falsecount="0"/>
        <line num="123" count="1" type="cond" truecount="1" falsecount="0"/>
        <line num="124" count="3" type="cond" truecount="2" falsecount="0"/>
        <line num="125" count="2" type="stmt"/>
        <line num="126" count="2" type="stmt"/>
        <line num="127" count="3" type="cond" truecount="0" falsecount="1"/>
        <line num="128" count="3" type="cond" truecount="1" falsecount="1"/>
        <line num="129" count="2" type="stmt"/>
        <line num="131" count="2" type="cond" truecount="1" falsecount="0"/>
        <line num="132" count="4" type="stmt"/>
        <line num="133" count="4" type="stmt"/>
        <line num="134" count="4" type="stmt"/>
        <line num="135" count="4" type="stmt"/>
        <line num="136" count="4" type="stmt"/>
        <line num="137" count="4" type="stmt"/>
        <line num="138" count="4" type="stmt"/>
        <line num="139" count="4" type="stmt"/>
        <line num="140" count="4" type="stmt"/>
        <line num="141" count="4" type="stmt"/>
        <line num="142" count="4" type="stmt"/>
        <line num="143" count="4" type="stmt"/>
        <line num="146" count="2" type="stmt"/>
        <line num="147" count="2" type="stmt"/>
        <line num="148" count="3" type="cond" truecount="0" falsecount="1"/>
        <line num="150" count="0" type="stmt"/>
        <line num="151" count="3" type="stmt"/>
        <line num="156" count="1" type="cond" truecount="1" falsecount="0"/>
        <line num="157" count="20" type="stmt"/>
        <line num="158" count="20" type="stmt"/>
        <line num="159" count="20" type="stmt"/>
        <line num="160" count="20" type="stmt"/>
        <line num="161" count="20" type="stmt"/>
        <line num="162" count="20" type="stmt"/>
        <line num="163" count="20" type="stmt"/>
        <line num="164" count="20" type="stmt"/>
        <line num="165" count="20" type="stmt"/>
        <line num="166" count="20" type="stmt"/>
        <line num="167" count="20" type="stmt"/>
        <line num="168" count="20" type="stmt"/>
        <line num="169" count="20" type="stmt"/>
        <line num="170" count="20" type="stmt"/>
        <line num="171" count="20" type="stmt"/>
        <line num="172" count="20" type="stmt"/>
        <line num="173" count="20" type="stmt"/>
        <line num="174" count="20" type="stmt"/>
        <line num="175" count="20" type="stmt"/>
        <line num="178" count="1" type="cond" truecount="1" falsecount="0"/>
        <line num="179" count="2" type="cond" truecount="1" falsecount="0"/>
        <line num="180" count="1" type="stmt"/>
        <line num="181" count="1" type="stmt"/>
        <line num="182" count="2" type="cond" truecount="0" falsecount="1"/>
        <line num="183" count="2" type="cond" truecount="1" falsecount="1"/>
        <line num="184" count="1" type="stmt"/>
        <line num="185" count="1" type="stmt"/>
        <line num="186" count="1" type="cond" truecount="1" falsecount="0"/>
        <line num="189" count="1" type="stmt"/>
        <line num="190" count="1" type="stmt"/>
        <line num="191" count="1" type="stmt"/>
        <line num="192" count="1" type="stmt"/>
        <line num="194" count="1" type="stmt"/>
        <line num="195" count="1" type="stmt"/>
        <line num="196" count="1" type="stmt"/>
        <line num="197" count="2" type="cond" truecount="0" falsecount="1"/>
        <line num="198" count="2" type="stmt"/>
        <line num="202" count="1" type="cond" truecount="1" falsecount="0"/>
        <line num="203" count="2" type="cond" truecount="1" falsecount="0"/>
        <line num="204" count="1" type="stmt"/>
        <line num="205" count="1" type="stmt"/>
        <line num="206" count="2" type="cond" truecount="0" falsecount="1"/>
        <line num="207" count="2" type="cond" truecount="1" falsecount="1"/>
        <line num="208" count="1" type="stmt"/>
        <line num="209" count="1" type="stmt"/>
        <line num="211" count="1" type="cond" truecount="1" falsecount="0"/>
        <line num="213" count="1" type="stmt"/>
        <line num="217" count="1" type="stmt"/>
        <line num="218" count="1" type="stmt"/>
        <line num="219" count="1" type="stmt"/>
        <line num="220" count="1" type="stmt"/>
        <line num="221" count="1" type="stmt"/>
        <line num="222" count="1" type="stmt"/>
        <line num="223" count="1" type="stmt"/>
        <line num="227" count="1" type="stmt"/>
        <line num="228" count="1" type="stmt"/>
        <line num="229" count="1" type="stmt"/>
        <line num="230" count="1" type="stmt"/>
        <line num="231" count="1" type="stmt"/>
        <line num="232" count="1" type="stmt"/>
        <line num="233" count="2" type="cond" truecount="0" falsecount="1"/>
        <line num="234" count="2" type="stmt"/>
      </file>
      <file name="getRandomInt.ts" path="/home/runner/work/self-playing-baseball/self-playing-baseball/src/utilities/getRandomInt.ts">
        <metrics statements="4" coveredstatements="4" conditionals="1" coveredconditionals="1" methods="1" coveredmethods="1"/>
        <line num="1" count="1" type="stmt"/>
        <line num="3" count="377" type="cond" truecount="1" falsecount="0"/>
        <line num="4" count="377" type="stmt"/>
        <line num="5" count="377" type="stmt"/>
      </file>
      <file name="rng.ts" path="/home/runner/work/self-playing-baseball/self-playing-baseball/src/utilities/rng.ts">
        <metrics statements="67" coveredstatements="61" conditionals="27" coveredconditionals="22" methods="7" coveredmethods="7"/>
        <line num="5" count="1" type="stmt"/>
        <line num="6" count="1" type="stmt"/>
        <line num="8" count="1" type="cond" truecount="2" falsecount="0"/>
        <line num="9" count="542" type="stmt"/>
        <line num="10" count="542" type="stmt"/>
        <line num="11" count="542" type="stmt"/>
        <line num="12" count="542" type="stmt"/>
        <line num="13" count="542" type="stmt"/>
        <line num="15" count="1" type="cond" truecount="1" falsecount="0"/>
        <line num="16" count="5" type="stmt"/>
        <line num="17" count="5" type="cond" truecount="2" falsecount="0"/>
        <line num="18" count="5" type="cond" truecount="0" falsecount="1"/>
        <line num="19" count="5" type="stmt"/>
        <line num="20" count="5" type="cond" truecount="1" falsecount="1"/>
        <line num="21" count="4" type="stmt"/>
        <line num="22" count="4" type="stmt"/>
        <line num="24" count="1" type="cond" truecount="1" falsecount="0"/>
        <line num="25" count="6" type="stmt"/>
        <line num="27" count="1" type="cond" truecount="1" falsecount="0"/>
        <line num="28" count="16" type="cond" truecount="0" falsecount="1"/>
        <line num="29" count="0" type="stmt"/>
        <line num="30" count="0" type="stmt"/>
        <line num="32" count="16" type="cond" truecount="2" falsecount="0"/>
        <line num="33" count="6" type="stmt"/>
        <line num="34" count="6" type="cond" truecount="1" falsecount="0"/>
        <line num="36" count="10" type="stmt"/>
        <line num="37" count="10" type="stmt"/>
        <line num="38" count="16" type="cond" truecount="2" falsecount="0"/>
        <line num="40" count="16" type="cond" truecount="2" falsecount="0"/>
        <line num="41" count="6" type="stmt"/>
        <line num="42" count="6" type="stmt"/>
        <line num="44" count="10" type="stmt"/>
        <line num="45" count="10" type="stmt"/>
        <line num="47" count="16" type="cond" truecount="1" falsecount="0"/>
        <line num="48" count="1" type="stmt"/>
        <line num="49" count="1" type="stmt"/>
        <line num="50" count="1" type="stmt"/>
        <line num="51" count="1" type="stmt"/>
        <line num="52" count="1" type="cond" truecount="1" falsecount="0"/>
        <line num="54" count="10" type="stmt"/>
        <line num="55" count="10" type="stmt"/>
        <line num="57" count="1" type="cond" truecount="1" falsecount="0"/>
        <line num="58" count="10" type="cond" truecount="1" falsecount="0"/>
        <line num="59" count="2" type="stmt"/>
        <line num="60" count="2" type="stmt"/>
        <line num="61" count="10" type="stmt"/>
        <line num="62" count="10" type="stmt"/>
        <line num="64" count="1" type="cond" truecount="1" falsecount="0"/>
        <line num="65" count="542" type="cond" truecount="1" falsecount="0"/>
        <line num="66" count="3" type="stmt"/>
        <line num="67" count="3" type="stmt"/>
        <line num="68" count="542" type="cond" truecount="0" falsecount="1"/>
        <line num="69" count="0" type="stmt"/>
        <line num="70" count="0" type="stmt"/>
        <line num="71" count="542" type="stmt"/>
        <line num="72" count="542" type="stmt"/>
        <line num="74" count="1" type="cond" truecount="1" falsecount="0"/>
        <line num="75" count="6" type="stmt"/>
        <line num="76" count="6" type="cond" truecount="0" falsecount="1"/>
        <line num="77" count="0" type="stmt"/>
        <line num="78" count="0" type="stmt"/>
        <line num="79" count="6" type="stmt"/>
        <line num="80" count="6" type="stmt"/>
        <line num="81" count="6" type="stmt"/>
        <line num="82" count="6" type="stmt"/>
        <line num="83" count="6" type="stmt"/>
        <line num="84" count="6" type="stmt"/>
      </file>
    </package>
  </project>
</coverage>
