{"/home/runner/work/self-playing-baseball/self-playing-baseball/src/Announcements/index.tsx": {"path":"/home/runner/work/self-playing-baseball/self-playing-baseball/src/Announcements/index.tsx","all":false,"statementMap":{"0":{"start":{"line":1,"column":0},"end":{"line":1,"column":31}},"1":{"start":{"line":2,"column":0},"end":{"line":2,"column":41}},"3":{"start":{"line":4,"column":0},"end":{"line":4,"column":39}},"5":{"start":{"line":6,"column":0},"end":{"line":6,"column":37}},"17":{"start":{"line":18,"column":0},"end":{"line":18,"column":27}},"27":{"start":{"line":28,"column":0},"end":{"line":28,"column":30}},"33":{"start":{"line":34,"column":0},"end":{"line":34,"column":23}},"37":{"start":{"line":38,"column":0},"end":{"line":38,"column":58}},"38":{"start":{"line":39,"column":0},"end":{"line":39,"column":67}},"40":{"start":{"line":41,"column":0},"end":{"line":41,"column":10}},"41":{"start":{"line":42,"column":0},"end":{"line":42,"column":6}},"42":{"start":{"line":43,"column":0},"end":{"line":43,"column":37}},"43":{"start":{"line":44,"column":0},"end":{"line":44,"column":25}},"44":{"start":{"line":45,"column":0},"end":{"line":45,"column":25}},"45":{"start":{"line":46,"column":0},"end":{"line":46,"column":74}},"46":{"start":{"line":47,"column":0},"end":{"line":47,"column":79}},"48":{"start":{"line":49,"column":0},"end":{"line":49,"column":26}},"49":{"start":{"line":50,"column":0},"end":{"line":50,"column":7}},"51":{"start":{"line":52,"column":0},"end":{"line":52,"column":2}},"53":{"start":{"line":54,"column":0},"end":{"line":54,"column":29}}},"s":{"0":1,"1":1,"3":1,"5":1,"17":1,"27":1,"33":1,"37":1,"38":18,"40":18,"41":18,"42":18,"43":18,"44":18,"45":15,"46":3,"48":18,"49":18,"51":18,"53":1},"branchMap":{"0":{"type":"branch","line":38,"loc":{"start":{"line":38,"column":51},"end":{"line":52,"column":2}},"locations":[{"start":{"line":38,"column":51},"end":{"line":52,"column":2}}]},"1":{"type":"branch","line":45,"loc":{"start":{"line":45,"column":24},"end":{"line":46,"column":74}},"locations":[{"start":{"line":45,"column":24},"end":{"line":46,"column":74}}]},"2":{"type":"branch","line":46,"loc":{"start":{"line":46,"column":61},"end":{"line":47,"column":79}},"locations":[{"start":{"line":46,"column":61},"end":{"line":47,"column":79}}]},"3":{"type":"branch","line":47,"loc":{"start":{"line":47,"column":20},"end":{"line":47,"column":78}},"locations":[{"start":{"line":47,"column":20},"end":{"line":47,"column":78}}]}},"b":{"0":[18],"1":[15],"2":[3],"3":[4]},"fnMap":{"0":{"name":"Announcements","decl":{"start":{"line":38,"column":51},"end":{"line":52,"column":2}},"loc":{"start":{"line":38,"column":51},"end":{"line":52,"column":2}},"line":38}},"f":{"0":18}}
,"/home/runner/work/self-playing-baseball/self-playing-baseball/src/Ball/index.tsx": {"path":"/home/runner/work/self-playing-baseball/self-playing-baseball/src/Ball/index.tsx","all":false,"statementMap":{"0":{"start":{"line":1,"column":0},"end":{"line":1,"column":31}},"2":{"start":{"line":3,"column":0},"end":{"line":3,"column":59}},"3":{"start":{"line":4,"column":0},"end":{"line":4,"column":44}},"4":{"start":{"line":5,"column":0},"end":{"line":5,"column":55}},"7":{"start":{"line":8,"column":0},"end":{"line":8,"column":43}},"8":{"start":{"line":9,"column":0},"end":{"line":9,"column":21}},"9":{"start":{"line":10,"column":0},"end":{"line":10,"column":21}},"10":{"start":{"line":11,"column":0},"end":{"line":11,"column":21}},"11":{"start":{"line":12,"column":0},"end":{"line":12,"column":21}},"12":{"start":{"line":13,"column":0},"end":{"line":13,"column":19}},"13":{"start":{"line":14,"column":0},"end":{"line":14,"column":2}},"16":{"start":{"line":17,"column":0},"end":{"line":17,"column":28}},"23":{"start":{"line":24,"column":0},"end":{"line":24,"column":48}},"25":{"start":{"line":26,"column":0},"end":{"line":26,"column":80}},"26":{"start":{"line":27,"column":0},"end":{"line":27,"column":80}},"29":{"start":{"line":30,"column":0},"end":{"line":30,"column":64}},"38":{"start":{"line":39,"column":0},"end":{"line":39,"column":26}},"39":{"start":{"line":40,"column":0},"end":{"line":40,"column":10}},"40":{"start":{"line":41,"column":0},"end":{"line":41,"column":69}},"41":{"start":{"line":42,"column":0},"end":{"line":42,"column":60}},"44":{"start":{"line":45,"column":0},"end":{"line":45,"column":49}},"45":{"start":{"line":46,"column":0},"end":{"line":46,"column":76}},"47":{"start":{"line":48,"column":0},"end":{"line":48,"column":62}},"48":{"start":{"line":49,"column":0},"end":{"line":49,"column":50}},"51":{"start":{"line":52,"column":0},"end":{"line":52,"column":70}},"52":{"start":{"line":53,"column":0},"end":{"line":53,"column":2}},"54":{"start":{"line":55,"column":0},"end":{"line":55,"column":20}}},"s":{"0":1,"2":1,"3":1,"4":1,"7":1,"8":1,"9":1,"10":1,"11":1,"12":1,"13":1,"16":1,"23":1,"25":2,"26":2,"29":1,"38":1,"39":21,"40":2,"41":1,"44":1,"45":21,"47":21,"48":21,"51":21,"52":21,"54":1},"branchMap":{"0":{"type":"branch","line":24,"loc":{"start":{"line":24,"column":20},"end":{"line":27,"column":80}},"locations":[{"start":{"line":24,"column":20},"end":{"line":27,"column":80}}]},"1":{"type":"branch","line":39,"loc":{"start":{"line":39,"column":4},"end":{"line":42,"column":59}},"locations":[{"start":{"line":39,"column":4},"end":{"line":42,"column":59}}]},"2":{"type":"branch","line":40,"loc":{"start":{"line":40,"column":4},"end":{"line":41,"column":69}},"locations":[{"start":{"line":40,"column":4},"end":{"line":41,"column":69}}]},"3":{"type":"branch","line":41,"loc":{"start":{"line":41,"column":43},"end":{"line":42,"column":59}},"locations":[{"start":{"line":41,"column":43},"end":{"line":42,"column":59}}]},"4":{"type":"branch","line":45,"loc":{"start":{"line":45,"column":42},"end":{"line":53,"column":2}},"locations":[{"start":{"line":45,"column":42},"end":{"line":53,"column":2}}]},"5":{"type":"branch","line":48,"loc":{"start":{"line":48,"column":28},"end":{"line":48,"column":62}},"locations":[{"start":{"line":48,"column":28},"end":{"line":48,"column":62}}]},"6":{"type":"branch","line":49,"loc":{"start":{"line":49,"column":15},"end":{"line":49,"column":48}},"locations":[{"start":{"line":49,"column":15},"end":{"line":49,"column":48}}]},"7":{"type":"branch","line":49,"loc":{"start":{"line":49,"column":44},"end":{"line":49,"column":50}},"locations":[{"start":{"line":49,"column":44},"end":{"line":49,"column":50}}]},"8":{"type":"branch","line":52,"loc":{"start":{"line":52,"column":24},"end":{"line":52,"column":39}},"locations":[{"start":{"line":52,"column":24},"end":{"line":52,"column":39}}]}},"b":{"0":[2],"1":[21],"2":[2],"3":[19],"4":[21],"5":[3],"6":[2],"7":[19],"8":[0]},"fnMap":{"0":{"name":"makeHitAnim","decl":{"start":{"line":24,"column":20},"end":{"line":27,"column":80}},"loc":{"start":{"line":24,"column":20},"end":{"line":27,"column":80}},"line":24},"1":{"name":"Ball","decl":{"start":{"line":45,"column":42},"end":{"line":53,"column":2}},"loc":{"start":{"line":45,"column":42},"end":{"line":53,"column":2}},"line":45}},"f":{"0":2,"1":21}}
,"/home/runner/work/self-playing-baseball/self-playing-baseball/src/BatterButton/index.tsx": {"path":"/home/runner/work/self-playing-baseball/self-playing-baseball/src/BatterButton/index.tsx","all":false,"statementMap":{"0":{"start":{"line":1,"column":0},"end":{"line":1,"column":31}},"2":{"start":{"line":3,"column":0},"end":{"line":3,"column":39}},"3":{"start":{"line":4,"column":0},"end":{"line":4,"column":72}},"4":{"start":{"line":5,"column":0},"end":{"line":5,"column":52}},"5":{"start":{"line":6,"column":0},"end":{"line":6,"column":44}},"6":{"start":{"line":7,"column":0},"end":{"line":7,"column":53}},"7":{"start":{"line":8,"column":0},"end":{"line":8,"column":152}},"8":{"start":{"line":9,"column":0},"end":{"line":9,"column":50}},"9":{"start":{"line":10,"column":0},"end":{"line":10,"column":45}},"11":{"start":{"line":12,"column":0},"end":{"line":12,"column":28}},"18":{"start":{"line":19,"column":0},"end":{"line":19,"column":29}},"29":{"start":{"line":30,"column":0},"end":{"line":30,"column":35}},"34":{"start":{"line":35,"column":0},"end":{"line":35,"column":33}},"44":{"start":{"line":45,"column":0},"end":{"line":45,"column":33}},"59":{"start":{"line":60,"column":0},"end":{"line":60,"column":29}},"70":{"start":{"line":71,"column":0},"end":{"line":71,"column":31}},"79":{"start":{"line":80,"column":0},"end":{"line":80,"column":32}},"87":{"start":{"line":88,"column":0},"end":{"line":88,"column":24}},"88":{"start":{"line":89,"column":0},"end":{"line":89,"column":25}},"89":{"start":{"line":90,"column":0},"end":{"line":90,"column":23}},"91":{"start":{"line":92,"column":0},"end":{"line":92,"column":60}},"92":{"start":{"line":93,"column":0},"end":{"line":93,"column":38}},"93":{"start":{"line":94,"column":0},"end":{"line":94,"column":46}},"94":{"start":{"line":95,"column":0},"end":{"line":95,"column":1}},"96":{"start":{"line":97,"column":0},"end":{"line":97,"column":57}},"97":{"start":{"line":98,"column":0},"end":{"line":98,"column":38}},"98":{"start":{"line":99,"column":0},"end":{"line":99,"column":49}},"99":{"start":{"line":100,"column":0},"end":{"line":100,"column":1}},"101":{"start":{"line":102,"column":0},"end":{"line":102,"column":59}},"102":{"start":{"line":103,"column":0},"end":{"line":103,"column":38}},"103":{"start":{"line":104,"column":0},"end":{"line":104,"column":34}},"104":{"start":{"line":105,"column":0},"end":{"line":105,"column":26}},"105":{"start":{"line":106,"column":0},"end":{"line":106,"column":69}},"106":{"start":{"line":107,"column":0},"end":{"line":107,"column":1}},"108":{"start":{"line":109,"column":0},"end":{"line":109,"column":68}},"109":{"start":{"line":110,"column":0},"end":{"line":110,"column":38}},"110":{"start":{"line":111,"column":0},"end":{"line":111,"column":42}},"111":{"start":{"line":112,"column":0},"end":{"line":112,"column":1}},"113":{"start":{"line":114,"column":0},"end":{"line":114,"column":57}},"114":{"start":{"line":115,"column":0},"end":{"line":115,"column":188}},"115":{"start":{"line":116,"column":0},"end":{"line":116,"column":84}},"116":{"start":{"line":117,"column":0},"end":{"line":117,"column":81}},"117":{"start":{"line":118,"column":0},"end":{"line":118,"column":116}},"118":{"start":{"line":119,"column":0},"end":{"line":119,"column":95}},"119":{"start":{"line":120,"column":0},"end":{"line":120,"column":93}},"120":{"start":{"line":121,"column":0},"end":{"line":121,"column":111}},"121":{"start":{"line":122,"column":0},"end":{"line":122,"column":111}},"125":{"start":{"line":126,"column":0},"end":{"line":126,"column":45}},"126":{"start":{"line":127,"column":0},"end":{"line":127,"column":33}},"130":{"start":{"line":131,"column":0},"end":{"line":131,"column":58}},"131":{"start":{"line":132,"column":0},"end":{"line":132,"column":46}},"133":{"start":{"line":134,"column":0},"end":{"line":134,"column":39}},"134":{"start":{"line":135,"column":0},"end":{"line":135,"column":27}},"136":{"start":{"line":137,"column":0},"end":{"line":137,"column":82}},"139":{"start":{"line":140,"column":0},"end":{"line":140,"column":43}},"140":{"start":{"line":141,"column":0},"end":{"line":141,"column":31}},"143":{"start":{"line":144,"column":0},"end":{"line":144,"column":51}},"144":{"start":{"line":145,"column":0},"end":{"line":145,"column":39}},"146":{"start":{"line":147,"column":0},"end":{"line":147,"column":45}},"147":{"start":{"line":148,"column":0},"end":{"line":148,"column":33}},"149":{"start":{"line":150,"column":0},"end":{"line":150,"column":51}},"150":{"start":{"line":151,"column":0},"end":{"line":151,"column":39}},"152":{"start":{"line":153,"column":0},"end":{"line":153,"column":148}},"153":{"start":{"line":154,"column":0},"end":{"line":154,"column":136}},"156":{"start":{"line":157,"column":0},"end":{"line":157,"column":53}},"157":{"start":{"line":158,"column":0},"end":{"line":158,"column":68}},"158":{"start":{"line":159,"column":0},"end":{"line":159,"column":25}},"159":{"start":{"line":160,"column":0},"end":{"line":160,"column":37}},"160":{"start":{"line":161,"column":0},"end":{"line":161,"column":49}},"161":{"start":{"line":162,"column":0},"end":{"line":162,"column":44}},"162":{"start":{"line":163,"column":0},"end":{"line":163,"column":43}},"163":{"start":{"line":164,"column":0},"end":{"line":164,"column":40}},"164":{"start":{"line":165,"column":0},"end":{"line":165,"column":71}},"165":{"start":{"line":166,"column":0},"end":{"line":166,"column":31}},"166":{"start":{"line":167,"column":0},"end":{"line":167,"column":7}},"167":{"start":{"line":168,"column":0},"end":{"line":168,"column":5}},"168":{"start":{"line":169,"column":0},"end":{"line":169,"column":22}},"171":{"start":{"line":172,"column":0},"end":{"line":172,"column":49}},"172":{"start":{"line":173,"column":0},"end":{"line":173,"column":25}},"173":{"start":{"line":174,"column":0},"end":{"line":174,"column":47}},"174":{"start":{"line":175,"column":0},"end":{"line":175,"column":27}},"175":{"start":{"line":176,"column":0},"end":{"line":176,"column":5}},"176":{"start":{"line":177,"column":0},"end":{"line":177,"column":39}},"177":{"start":{"line":178,"column":0},"end":{"line":178,"column":17}},"180":{"start":{"line":181,"column":0},"end":{"line":181,"column":46}},"181":{"start":{"line":182,"column":0},"end":{"line":182,"column":60}},"182":{"start":{"line":183,"column":0},"end":{"line":183,"column":25}},"183":{"start":{"line":184,"column":0},"end":{"line":184,"column":75}},"184":{"start":{"line":185,"column":0},"end":{"line":185,"column":37}},"185":{"start":{"line":186,"column":0},"end":{"line":186,"column":5}},"186":{"start":{"line":187,"column":0},"end":{"line":187,"column":50}},"187":{"start":{"line":188,"column":0},"end":{"line":188,"column":24}},"189":{"start":{"line":190,"column":0},"end":{"line":190,"column":53}},"190":{"start":{"line":191,"column":0},"end":{"line":191,"column":46}},"193":{"start":{"line":194,"column":0},"end":{"line":194,"column":38}},"196":{"start":{"line":197,"column":0},"end":{"line":197,"column":71}},"199":{"start":{"line":200,"column":0},"end":{"line":200,"column":110}},"200":{"start":{"line":201,"column":0},"end":{"line":201,"column":38}},"201":{"start":{"line":202,"column":0},"end":{"line":202,"column":30}},"202":{"start":{"line":203,"column":0},"end":{"line":203,"column":28}},"203":{"start":{"line":204,"column":0},"end":{"line":204,"column":12}},"204":{"start":{"line":205,"column":0},"end":{"line":205,"column":8}},"205":{"start":{"line":206,"column":0},"end":{"line":206,"column":21}},"206":{"start":{"line":207,"column":0},"end":{"line":207,"column":70}},"207":{"start":{"line":208,"column":0},"end":{"line":208,"column":15}},"208":{"start":{"line":209,"column":0},"end":{"line":209,"column":7}},"209":{"start":{"line":210,"column":0},"end":{"line":210,"column":5}},"211":{"start":{"line":212,"column":0},"end":{"line":212,"column":36}},"213":{"start":{"line":214,"column":0},"end":{"line":214,"column":38}},"214":{"start":{"line":215,"column":0},"end":{"line":215,"column":46}},"217":{"start":{"line":218,"column":0},"end":{"line":218,"column":79}},"219":{"start":{"line":220,"column":0},"end":{"line":220,"column":108}},"220":{"start":{"line":221,"column":0},"end":{"line":221,"column":92}},"222":{"start":{"line":223,"column":0},"end":{"line":223,"column":29}},"224":{"start":{"line":225,"column":0},"end":{"line":225,"column":35}},"225":{"start":{"line":226,"column":0},"end":{"line":226,"column":35}},"226":{"start":{"line":227,"column":0},"end":{"line":227,"column":14}},"227":{"start":{"line":228,"column":0},"end":{"line":228,"column":63}},"228":{"start":{"line":229,"column":0},"end":{"line":229,"column":7}},"229":{"start":{"line":230,"column":0},"end":{"line":230,"column":30}},"231":{"start":{"line":232,"column":0},"end":{"line":232,"column":77}},"232":{"start":{"line":233,"column":0},"end":{"line":233,"column":12}},"234":{"start":{"line":235,"column":0},"end":{"line":235,"column":40}},"235":{"start":{"line":236,"column":0},"end":{"line":236,"column":40}},"236":{"start":{"line":237,"column":0},"end":{"line":237,"column":20}},"237":{"start":{"line":238,"column":0},"end":{"line":238,"column":30}},"239":{"start":{"line":240,"column":0},"end":{"line":240,"column":111}},"240":{"start":{"line":241,"column":0},"end":{"line":241,"column":39}},"242":{"start":{"line":243,"column":0},"end":{"line":243,"column":110}},"243":{"start":{"line":244,"column":0},"end":{"line":244,"column":14}},"246":{"start":{"line":247,"column":0},"end":{"line":247,"column":111}},"247":{"start":{"line":248,"column":0},"end":{"line":248,"column":7}},"249":{"start":{"line":250,"column":0},"end":{"line":250,"column":77}},"250":{"start":{"line":251,"column":0},"end":{"line":251,"column":5}},"251":{"start":{"line":252,"column":0},"end":{"line":252,"column":30}},"254":{"start":{"line":255,"column":0},"end":{"line":255,"column":57}},"255":{"start":{"line":256,"column":0},"end":{"line":256,"column":45}},"260":{"start":{"line":261,"column":0},"end":{"line":261,"column":25}},"261":{"start":{"line":262,"column":0},"end":{"line":262,"column":26}},"262":{"start":{"line":263,"column":0},"end":{"line":263,"column":79}},"264":{"start":{"line":265,"column":0},"end":{"line":265,"column":47}},"265":{"start":{"line":266,"column":0},"end":{"line":266,"column":22}},"266":{"start":{"line":267,"column":0},"end":{"line":267,"column":36}},"267":{"start":{"line":268,"column":0},"end":{"line":268,"column":31}},"269":{"start":{"line":270,"column":0},"end":{"line":270,"column":37}},"270":{"start":{"line":271,"column":0},"end":{"line":271,"column":34}},"271":{"start":{"line":272,"column":0},"end":{"line":272,"column":74}},"274":{"start":{"line":275,"column":0},"end":{"line":275,"column":87}},"275":{"start":{"line":276,"column":0},"end":{"line":276,"column":38}},"276":{"start":{"line":277,"column":0},"end":{"line":277,"column":31}},"277":{"start":{"line":278,"column":0},"end":{"line":278,"column":17}},"278":{"start":{"line":279,"column":0},"end":{"line":279,"column":9}},"281":{"start":{"line":282,"column":0},"end":{"line":282,"column":65}},"282":{"start":{"line":283,"column":0},"end":{"line":283,"column":49}},"283":{"start":{"line":284,"column":0},"end":{"line":284,"column":24}},"284":{"start":{"line":285,"column":0},"end":{"line":285,"column":21}},"285":{"start":{"line":286,"column":0},"end":{"line":286,"column":17}},"286":{"start":{"line":287,"column":0},"end":{"line":287,"column":9}},"288":{"start":{"line":289,"column":0},"end":{"line":289,"column":47}},"289":{"start":{"line":290,"column":0},"end":{"line":290,"column":22}},"290":{"start":{"line":291,"column":0},"end":{"line":291,"column":33}},"291":{"start":{"line":292,"column":0},"end":{"line":292,"column":31}},"292":{"start":{"line":293,"column":0},"end":{"line":293,"column":16}},"293":{"start":{"line":294,"column":0},"end":{"line":294,"column":6}},"295":{"start":{"line":296,"column":0},"end":{"line":296,"column":27}},"296":{"start":{"line":297,"column":0},"end":{"line":297,"column":39}},"297":{"start":{"line":298,"column":0},"end":{"line":298,"column":47}},"300":{"start":{"line":301,"column":0},"end":{"line":301,"column":93}},"301":{"start":{"line":302,"column":0},"end":{"line":302,"column":84}},"302":{"start":{"line":303,"column":0},"end":{"line":303,"column":123}},"303":{"start":{"line":304,"column":0},"end":{"line":304,"column":102}},"304":{"start":{"line":305,"column":0},"end":{"line":305,"column":102}},"305":{"start":{"line":306,"column":0},"end":{"line":306,"column":85}},"306":{"start":{"line":307,"column":0},"end":{"line":307,"column":102}},"309":{"start":{"line":310,"column":0},"end":{"line":310,"column":94}},"310":{"start":{"line":311,"column":0},"end":{"line":311,"column":73}},"313":{"start":{"line":314,"column":0},"end":{"line":314,"column":60}},"315":{"start":{"line":316,"column":0},"end":{"line":316,"column":67}},"316":{"start":{"line":317,"column":0},"end":{"line":317,"column":88}},"317":{"start":{"line":318,"column":0},"end":{"line":318,"column":61}},"318":{"start":{"line":319,"column":0},"end":{"line":319,"column":31}},"319":{"start":{"line":320,"column":0},"end":{"line":320,"column":5}},"320":{"start":{"line":321,"column":0},"end":{"line":321,"column":9}},"322":{"start":{"line":323,"column":0},"end":{"line":323,"column":25}},"323":{"start":{"line":324,"column":0},"end":{"line":324,"column":57}},"324":{"start":{"line":325,"column":0},"end":{"line":325,"column":73}},"325":{"start":{"line":326,"column":0},"end":{"line":326,"column":20}},"327":{"start":{"line":328,"column":0},"end":{"line":328,"column":79}},"328":{"start":{"line":329,"column":0},"end":{"line":329,"column":37}},"329":{"start":{"line":330,"column":0},"end":{"line":330,"column":28}},"330":{"start":{"line":331,"column":0},"end":{"line":331,"column":98}},"331":{"start":{"line":332,"column":0},"end":{"line":332,"column":39}},"332":{"start":{"line":333,"column":0},"end":{"line":333,"column":5}},"333":{"start":{"line":334,"column":0},"end":{"line":334,"column":4}},"335":{"start":{"line":336,"column":0},"end":{"line":336,"column":76}},"336":{"start":{"line":337,"column":0},"end":{"line":337,"column":37}},"337":{"start":{"line":338,"column":0},"end":{"line":338,"column":25}},"339":{"start":{"line":340,"column":0},"end":{"line":340,"column":34}},"340":{"start":{"line":341,"column":0},"end":{"line":341,"column":28}},"341":{"start":{"line":342,"column":0},"end":{"line":342,"column":5}},"342":{"start":{"line":343,"column":0},"end":{"line":343,"column":4}},"344":{"start":{"line":345,"column":0},"end":{"line":345,"column":86}},"345":{"start":{"line":346,"column":0},"end":{"line":346,"column":41}},"346":{"start":{"line":347,"column":0},"end":{"line":347,"column":84}},"347":{"start":{"line":348,"column":0},"end":{"line":348,"column":4}},"349":{"start":{"line":350,"column":0},"end":{"line":350,"column":79}},"350":{"start":{"line":351,"column":0},"end":{"line":351,"column":41}},"351":{"start":{"line":352,"column":0},"end":{"line":352,"column":77}},"352":{"start":{"line":353,"column":0},"end":{"line":353,"column":4}},"354":{"start":{"line":355,"column":0},"end":{"line":355,"column":74}},"355":{"start":{"line":356,"column":0},"end":{"line":356,"column":43}},"356":{"start":{"line":357,"column":0},"end":{"line":357,"column":4}},"358":{"start":{"line":359,"column":0},"end":{"line":359,"column":35}},"359":{"start":{"line":360,"column":0},"end":{"line":360,"column":33}},"360":{"start":{"line":361,"column":0},"end":{"line":361,"column":35}},"361":{"start":{"line":362,"column":0},"end":{"line":362,"column":154}},"362":{"start":{"line":363,"column":0},"end":{"line":363,"column":11}},"363":{"start":{"line":364,"column":0},"end":{"line":364,"column":30}},"364":{"start":{"line":365,"column":0},"end":{"line":365,"column":25}},"365":{"start":{"line":366,"column":0},"end":{"line":366,"column":23}},"366":{"start":{"line":367,"column":0},"end":{"line":367,"column":118}},"367":{"start":{"line":368,"column":0},"end":{"line":368,"column":81}},"368":{"start":{"line":369,"column":0},"end":{"line":369,"column":12}},"369":{"start":{"line":370,"column":0},"end":{"line":370,"column":65}},"370":{"start":{"line":371,"column":0},"end":{"line":371,"column":5}},"371":{"start":{"line":372,"column":0},"end":{"line":372,"column":4}},"373":{"start":{"line":374,"column":0},"end":{"line":374,"column":10}},"374":{"start":{"line":375,"column":0},"end":{"line":375,"column":6}},"375":{"start":{"line":376,"column":0},"end":{"line":376,"column":16}},"376":{"start":{"line":377,"column":0},"end":{"line":377,"column":98}},"377":{"start":{"line":378,"column":0},"end":{"line":378,"column":75}},"378":{"start":{"line":379,"column":0},"end":{"line":379,"column":23}},"379":{"start":{"line":380,"column":0},"end":{"line":380,"column":23}},"380":{"start":{"line":381,"column":0},"end":{"line":381,"column":88}},"382":{"start":{"line":383,"column":0},"end":{"line":383,"column":24}},"383":{"start":{"line":384,"column":0},"end":{"line":384,"column":23}},"385":{"start":{"line":386,"column":0},"end":{"line":386,"column":63}},"386":{"start":{"line":387,"column":0},"end":{"line":387,"column":54}},"387":{"start":{"line":388,"column":0},"end":{"line":388,"column":58}},"388":{"start":{"line":389,"column":0},"end":{"line":389,"column":54}},"389":{"start":{"line":390,"column":0},"end":{"line":390,"column":21}},"390":{"start":{"line":391,"column":0},"end":{"line":391,"column":24}},"391":{"start":{"line":392,"column":0},"end":{"line":392,"column":21}},"393":{"start":{"line":394,"column":0},"end":{"line":394,"column":23}},"394":{"start":{"line":395,"column":0},"end":{"line":395,"column":26}},"395":{"start":{"line":396,"column":0},"end":{"line":396,"column":21}},"396":{"start":{"line":397,"column":0},"end":{"line":397,"column":21}},"397":{"start":{"line":398,"column":0},"end":{"line":398,"column":25}},"398":{"start":{"line":399,"column":0},"end":{"line":399,"column":40}},"399":{"start":{"line":400,"column":0},"end":{"line":400,"column":55}},"400":{"start":{"line":401,"column":0},"end":{"line":401,"column":46}},"401":{"start":{"line":402,"column":0},"end":{"line":402,"column":14}},"402":{"start":{"line":403,"column":0},"end":{"line":403,"column":22}},"403":{"start":{"line":404,"column":0},"end":{"line":404,"column":21}},"405":{"start":{"line":406,"column":0},"end":{"line":406,"column":23}},"406":{"start":{"line":407,"column":0},"end":{"line":407,"column":26}},"407":{"start":{"line":408,"column":0},"end":{"line":408,"column":21}},"408":{"start":{"line":409,"column":0},"end":{"line":409,"column":21}},"409":{"start":{"line":410,"column":0},"end":{"line":410,"column":25}},"410":{"start":{"line":411,"column":0},"end":{"line":411,"column":33}},"411":{"start":{"line":412,"column":0},"end":{"line":412,"column":48}},"412":{"start":{"line":413,"column":0},"end":{"line":413,"column":39}},"413":{"start":{"line":414,"column":0},"end":{"line":414,"column":14}},"414":{"start":{"line":415,"column":0},"end":{"line":415,"column":22}},"415":{"start":{"line":416,"column":0},"end":{"line":416,"column":24}},"416":{"start":{"line":417,"column":0},"end":{"line":417,"column":25}},"417":{"start":{"line":418,"column":0},"end":{"line":418,"column":96}},"419":{"start":{"line":420,"column":0},"end":{"line":420,"column":26}},"421":{"start":{"line":422,"column":0},"end":{"line":422,"column":39}},"422":{"start":{"line":423,"column":0},"end":{"line":423,"column":14}},"423":{"start":{"line":424,"column":0},"end":{"line":424,"column":27}},"425":{"start":{"line":426,"column":0},"end":{"line":426,"column":113}},"426":{"start":{"line":427,"column":0},"end":{"line":427,"column":55}},"427":{"start":{"line":428,"column":0},"end":{"line":428,"column":55}},"428":{"start":{"line":429,"column":0},"end":{"line":429,"column":25}},"429":{"start":{"line":430,"column":0},"end":{"line":430,"column":28}},"430":{"start":{"line":431,"column":0},"end":{"line":431,"column":27}},"432":{"start":{"line":433,"column":0},"end":{"line":433,"column":97}},"433":{"start":{"line":434,"column":0},"end":{"line":434,"column":60}},"434":{"start":{"line":435,"column":0},"end":{"line":435,"column":64}},"435":{"start":{"line":436,"column":0},"end":{"line":436,"column":58}},"436":{"start":{"line":437,"column":0},"end":{"line":437,"column":58}},"437":{"start":{"line":438,"column":0},"end":{"line":438,"column":54}},"438":{"start":{"line":439,"column":0},"end":{"line":439,"column":25}},"439":{"start":{"line":440,"column":0},"end":{"line":440,"column":28}},"440":{"start":{"line":441,"column":0},"end":{"line":441,"column":15}},"442":{"start":{"line":443,"column":0},"end":{"line":443,"column":24}},"443":{"start":{"line":444,"column":0},"end":{"line":444,"column":17}},"444":{"start":{"line":445,"column":0},"end":{"line":445,"column":72}},"445":{"start":{"line":446,"column":0},"end":{"line":446,"column":7}},"447":{"start":{"line":448,"column":0},"end":{"line":448,"column":2}},"449":{"start":{"line":450,"column":0},"end":{"line":450,"column":28}}},"s":{"0":1,"2":1,"3":1,"4":1,"5":1,"6":1,"7":1,"8":1,"9":1,"11":1,"18":1,"29":1,"34":1,"44":1,"59":1,"70":1,"79":1,"87":1,"88":1,"89":1,"91":66,"92":66,"93":66,"94":66,"96":66,"97":66,"98":66,"99":66,"101":66,"102":66,"103":66,"104":12,"105":66,"106":66,"108":33,"109":33,"110":33,"111":33,"113":1,"114":47,"115":47,"116":47,"117":47,"118":47,"119":47,"120":47,"121":47,"125":47,"126":47,"130":47,"131":47,"133":47,"134":47,"136":47,"139":47,"140":47,"143":47,"144":47,"146":47,"147":47,"149":47,"150":47,"152":47,"153":47,"156":47,"157":47,"158":47,"159":33,"160":33,"161":0,"162":0,"163":0,"164":0,"165":0,"166":0,"167":0,"168":47,"171":47,"172":47,"173":33,"174":0,"175":0,"176":33,"177":47,"180":47,"181":47,"182":47,"183":33,"184":0,"185":0,"186":33,"187":47,"189":47,"190":8,"193":8,"196":8,"199":8,"200":0,"201":0,"202":0,"203":0,"204":0,"205":0,"206":0,"207":0,"208":0,"209":0,"211":8,"213":8,"214":8,"217":8,"219":8,"220":8,"222":8,"224":3,"225":1,"226":3,"227":2,"228":2,"229":8,"231":4,"232":5,"234":1,"235":1,"236":1,"237":1,"239":0,"240":1,"242":0,"243":1,"246":1,"247":1,"249":1,"250":1,"251":47,"254":47,"255":47,"260":47,"261":36,"262":36,"264":9,"265":9,"266":9,"267":9,"269":9,"270":9,"271":0,"274":0,"275":0,"276":0,"277":0,"278":0,"281":0,"282":0,"283":0,"284":0,"285":0,"286":0,"288":0,"289":0,"290":0,"291":0,"292":9,"293":9,"295":9,"296":9,"297":47,"300":47,"301":47,"302":47,"303":47,"304":47,"305":47,"306":47,"309":47,"310":47,"313":47,"315":47,"316":2,"317":1,"318":1,"319":1,"320":47,"322":47,"323":33,"324":33,"325":47,"327":47,"328":1,"329":1,"330":1,"331":1,"332":1,"333":1,"335":47,"336":2,"337":2,"339":2,"340":1,"341":1,"342":2,"344":47,"345":1,"346":1,"347":1,"349":47,"350":1,"351":1,"352":1,"354":47,"355":1,"356":1,"358":47,"359":2,"360":2,"361":1,"362":1,"363":2,"364":2,"365":2,"366":2,"367":2,"368":2,"369":0,"370":0,"371":2,"373":47,"374":47,"375":47,"376":47,"377":47,"378":47,"379":47,"380":47,"382":47,"383":47,"385":47,"386":47,"387":47,"388":47,"389":47,"390":47,"391":47,"393":47,"394":47,"395":47,"396":47,"397":47,"398":47,"399":47,"400":47,"401":47,"402":47,"403":47,"405":47,"406":47,"407":47,"408":47,"409":47,"410":47,"411":47,"412":47,"413":47,"414":47,"415":47,"416":9,"417":9,"419":9,"421":47,"422":4,"423":4,"425":4,"426":4,"427":4,"428":4,"429":4,"430":4,"432":4,"433":4,"434":4,"435":4,"436":4,"437":4,"438":4,"439":4,"440":4,"442":47,"443":47,"444":47,"445":47,"447":47,"449":1},"branchMap":{"0":{"type":"branch","line":92,"loc":{"start":{"line":92,"column":0},"end":{"line":95,"column":1}},"locations":[{"start":{"line":92,"column":0},"end":{"line":95,"column":1}}]},"1":{"type":"branch","line":94,"loc":{"start":{"line":94,"column":15},"end":{"line":94,"column":33}},"locations":[{"start":{"line":94,"column":15},"end":{"line":94,"column":33}}]},"2":{"type":"branch","line":94,"loc":{"start":{"line":94,"column":22},"end":{"line":94,"column":46}},"locations":[{"start":{"line":94,"column":22},"end":{"line":94,"column":46}}]},"3":{"type":"branch","line":97,"loc":{"start":{"line":97,"column":0},"end":{"line":100,"column":1}},"locations":[{"start":{"line":97,"column":0},"end":{"line":100,"column":1}}]},"4":{"type":"branch","line":99,"loc":{"start":{"line":99,"column":15},"end":{"line":99,"column":33}},"locations":[{"start":{"line":99,"column":15},"end":{"line":99,"column":33}}]},"5":{"type":"branch","line":99,"loc":{"start":{"line":99,"column":22},"end":{"line":99,"column":49}},"locations":[{"start":{"line":99,"column":22},"end":{"line":99,"column":49}}]},"6":{"type":"branch","line":102,"loc":{"start":{"line":102,"column":0},"end":{"line":107,"column":1}},"locations":[{"start":{"line":102,"column":0},"end":{"line":107,"column":1}}]},"7":{"type":"branch","line":104,"loc":{"start":{"line":104,"column":18},"end":{"line":104,"column":34}},"locations":[{"start":{"line":104,"column":18},"end":{"line":104,"column":34}}]},"8":{"type":"branch","line":104,"loc":{"start":{"line":104,"column":25},"end":{"line":106,"column":60}},"locations":[{"start":{"line":104,"column":25},"end":{"line":106,"column":60}}]},"9":{"type":"branch","line":106,"loc":{"start":{"line":106,"column":56},"end":{"line":106,"column":69}},"locations":[{"start":{"line":106,"column":56},"end":{"line":106,"column":69}}]},"10":{"type":"branch","line":109,"loc":{"start":{"line":109,"column":0},"end":{"line":112,"column":1}},"locations":[{"start":{"line":109,"column":0},"end":{"line":112,"column":1}}]},"11":{"type":"branch","line":111,"loc":{"start":{"line":111,"column":15},"end":{"line":111,"column":34}},"locations":[{"start":{"line":111,"column":15},"end":{"line":111,"column":34}}]},"12":{"type":"branch","line":111,"loc":{"start":{"line":111,"column":22},"end":{"line":111,"column":42}},"locations":[{"start":{"line":111,"column":22},"end":{"line":111,"column":42}}]},"13":{"type":"branch","line":114,"loc":{"start":{"line":114,"column":50},"end":{"line":448,"column":2}},"locations":[{"start":{"line":114,"column":50},"end":{"line":448,"column":2}}]},"14":{"type":"branch","line":377,"loc":{"start":{"line":377,"column":10},"end":{"line":377,"column":98}},"locations":[{"start":{"line":377,"column":10},"end":{"line":377,"column":98}}]},"15":{"type":"branch","line":416,"loc":{"start":{"line":416,"column":11},"end":{"line":420,"column":26}},"locations":[{"start":{"line":416,"column":11},"end":{"line":420,"column":26}}]},"16":{"type":"branch","line":422,"loc":{"start":{"line":422,"column":11},"end":{"line":422,"column":39}},"locations":[{"start":{"line":422,"column":11},"end":{"line":422,"column":39}}]},"17":{"type":"branch","line":422,"loc":{"start":{"line":422,"column":23},"end":{"line":441,"column":15}},"locations":[{"start":{"line":422,"column":23},"end":{"line":441,"column":15}}]},"18":{"type":"branch","line":445,"loc":{"start":{"line":445,"column":7},"end":{"line":445,"column":34}},"locations":[{"start":{"line":445,"column":7},"end":{"line":445,"column":34}}]},"19":{"type":"branch","line":445,"loc":{"start":{"line":445,"column":19},"end":{"line":445,"column":72}},"locations":[{"start":{"line":445,"column":19},"end":{"line":445,"column":72}}]},"20":{"type":"branch","line":116,"loc":{"start":{"line":116,"column":49},"end":{"line":116,"column":82}},"locations":[{"start":{"line":116,"column":49},"end":{"line":116,"column":82}}]},"21":{"type":"branch","line":117,"loc":{"start":{"line":117,"column":43},"end":{"line":117,"column":79}},"locations":[{"start":{"line":117,"column":43},"end":{"line":117,"column":79}}]},"22":{"type":"branch","line":118,"loc":{"start":{"line":118,"column":74},"end":{"line":118,"column":114}},"locations":[{"start":{"line":118,"column":74},"end":{"line":118,"column":114}}]},"23":{"type":"branch","line":119,"loc":{"start":{"line":119,"column":60},"end":{"line":119,"column":93}},"locations":[{"start":{"line":119,"column":60},"end":{"line":119,"column":93}}]},"24":{"type":"branch","line":120,"loc":{"start":{"line":120,"column":55},"end":{"line":120,"column":91}},"locations":[{"start":{"line":120,"column":55},"end":{"line":120,"column":91}}]},"25":{"type":"branch","line":121,"loc":{"start":{"line":121,"column":59},"end":{"line":121,"column":109}},"locations":[{"start":{"line":121,"column":59},"end":{"line":121,"column":109}}]},"26":{"type":"branch","line":122,"loc":{"start":{"line":122,"column":62},"end":{"line":122,"column":109}},"locations":[{"start":{"line":122,"column":62},"end":{"line":122,"column":109}}]},"27":{"type":"branch","line":122,"loc":{"start":{"line":122,"column":99},"end":{"line":122,"column":107}},"locations":[{"start":{"line":122,"column":99},"end":{"line":122,"column":107}}]},"28":{"type":"branch","line":137,"loc":{"start":{"line":137,"column":14},"end":{"line":137,"column":82}},"locations":[{"start":{"line":137,"column":14},"end":{"line":137,"column":82}}]},"29":{"type":"branch","line":159,"loc":{"start":{"line":159,"column":18},"end":{"line":169,"column":5}},"locations":[{"start":{"line":159,"column":18},"end":{"line":169,"column":5}}]},"30":{"type":"branch","line":161,"loc":{"start":{"line":161,"column":48},"end":{"line":168,"column":5}},"locations":[{"start":{"line":161,"column":48},"end":{"line":168,"column":5}}]},"31":{"type":"branch","line":173,"loc":{"start":{"line":173,"column":18},"end":{"line":178,"column":5}},"locations":[{"start":{"line":173,"column":18},"end":{"line":178,"column":5}}]},"32":{"type":"branch","line":174,"loc":{"start":{"line":174,"column":25},"end":{"line":174,"column":46}},"locations":[{"start":{"line":174,"column":25},"end":{"line":174,"column":46}}]},"33":{"type":"branch","line":174,"loc":{"start":{"line":174,"column":46},"end":{"line":176,"column":5}},"locations":[{"start":{"line":174,"column":46},"end":{"line":176,"column":5}}]},"34":{"type":"branch","line":183,"loc":{"start":{"line":183,"column":18},"end":{"line":188,"column":5}},"locations":[{"start":{"line":183,"column":18},"end":{"line":188,"column":5}}]},"35":{"type":"branch","line":184,"loc":{"start":{"line":184,"column":40},"end":{"line":184,"column":74}},"locations":[{"start":{"line":184,"column":40},"end":{"line":184,"column":74}}]},"36":{"type":"branch","line":184,"loc":{"start":{"line":184,"column":74},"end":{"line":186,"column":5}},"locations":[{"start":{"line":184,"column":74},"end":{"line":186,"column":5}}]},"37":{"type":"branch","line":190,"loc":{"start":{"line":190,"column":46},"end":{"line":252,"column":5}},"locations":[{"start":{"line":190,"column":46},"end":{"line":252,"column":5}}]},"38":{"type":"branch","line":194,"loc":{"start":{"line":194,"column":31},"end":{"line":194,"column":38}},"locations":[{"start":{"line":194,"column":31},"end":{"line":194,"column":38}}]},"39":{"type":"branch","line":197,"loc":{"start":{"line":197,"column":23},"end":{"line":197,"column":64}},"locations":[{"start":{"line":197,"column":23},"end":{"line":197,"column":64}}]},"40":{"type":"branch","line":197,"loc":{"start":{"line":197,"column":64},"end":{"line":197,"column":71}},"locations":[{"start":{"line":197,"column":64},"end":{"line":197,"column":71}}]},"41":{"type":"branch","line":200,"loc":{"start":{"line":200,"column":23},"end":{"line":200,"column":62}},"locations":[{"start":{"line":200,"column":23},"end":{"line":200,"column":62}}]},"42":{"type":"branch","line":200,"loc":{"start":{"line":200,"column":51},"end":{"line":200,"column":109}},"locations":[{"start":{"line":200,"column":51},"end":{"line":200,"column":109}}]},"43":{"type":"branch","line":200,"loc":{"start":{"line":200,"column":109},"end":{"line":210,"column":5}},"locations":[{"start":{"line":200,"column":109},"end":{"line":210,"column":5}}]},"44":{"type":"branch","line":218,"loc":{"start":{"line":218,"column":59},"end":{"line":218,"column":77}},"locations":[{"start":{"line":218,"column":59},"end":{"line":218,"column":77}}]},"45":{"type":"branch","line":220,"loc":{"start":{"line":220,"column":47},"end":{"line":220,"column":66}},"locations":[{"start":{"line":220,"column":47},"end":{"line":220,"column":66}}]},"46":{"type":"branch","line":220,"loc":{"start":{"line":220,"column":90},"end":{"line":220,"column":106}},"locations":[{"start":{"line":220,"column":90},"end":{"line":220,"column":106}}]},"47":{"type":"branch","line":223,"loc":{"start":{"line":223,"column":28},"end":{"line":230,"column":15}},"locations":[{"start":{"line":223,"column":28},"end":{"line":230,"column":15}}]},"48":{"type":"branch","line":225,"loc":{"start":{"line":225,"column":34},"end":{"line":227,"column":13}},"locations":[{"start":{"line":225,"column":34},"end":{"line":227,"column":13}}]},"49":{"type":"branch","line":227,"loc":{"start":{"line":227,"column":6},"end":{"line":229,"column":7}},"locations":[{"start":{"line":227,"column":6},"end":{"line":229,"column":7}}]},"50":{"type":"branch","line":230,"loc":{"start":{"line":230,"column":4},"end":{"line":251,"column":5}},"locations":[{"start":{"line":230,"column":4},"end":{"line":251,"column":5}}]},"51":{"type":"branch","line":230,"loc":{"start":{"line":230,"column":29},"end":{"line":233,"column":11}},"locations":[{"start":{"line":230,"column":29},"end":{"line":233,"column":11}}]},"52":{"type":"branch","line":233,"loc":{"start":{"line":233,"column":4},"end":{"line":251,"column":5}},"locations":[{"start":{"line":233,"column":4},"end":{"line":251,"column":5}}]},"53":{"type":"branch","line":238,"loc":{"start":{"line":238,"column":29},"end":{"line":241,"column":17}},"locations":[{"start":{"line":238,"column":29},"end":{"line":241,"column":17}}]},"54":{"type":"branch","line":241,"loc":{"start":{"line":241,"column":38},"end":{"line":244,"column":13}},"locations":[{"start":{"line":241,"column":38},"end":{"line":244,"column":13}}]},"55":{"type":"branch","line":247,"loc":{"start":{"line":247,"column":25},"end":{"line":247,"column":44}},"locations":[{"start":{"line":247,"column":25},"end":{"line":247,"column":44}}]},"56":{"type":"branch","line":247,"loc":{"start":{"line":247,"column":54},"end":{"line":247,"column":72}},"locations":[{"start":{"line":247,"column":54},"end":{"line":247,"column":72}}]},"57":{"type":"branch","line":247,"loc":{"start":{"line":247,"column":82},"end":{"line":247,"column":100}},"locations":[{"start":{"line":247,"column":82},"end":{"line":247,"column":100}}]},"58":{"type":"branch","line":261,"loc":{"start":{"line":261,"column":18},"end":{"line":298,"column":5}},"locations":[{"start":{"line":261,"column":18},"end":{"line":298,"column":5}}]},"59":{"type":"branch","line":262,"loc":{"start":{"line":262,"column":19},"end":{"line":262,"column":26}},"locations":[{"start":{"line":262,"column":19},"end":{"line":262,"column":26}}]},"60":{"type":"branch","line":262,"loc":{"start":{"line":262,"column":19},"end":{"line":263,"column":27}},"locations":[{"start":{"line":262,"column":19},"end":{"line":263,"column":27}}]},"61":{"type":"branch","line":263,"loc":{"start":{"line":263,"column":8},"end":{"line":263,"column":40}},"locations":[{"start":{"line":263,"column":8},"end":{"line":263,"column":40}}]},"62":{"type":"branch","line":263,"loc":{"start":{"line":263,"column":40},"end":{"line":263,"column":79}},"locations":[{"start":{"line":263,"column":40},"end":{"line":263,"column":79}}]},"63":{"type":"branch","line":263,"loc":{"start":{"line":263,"column":40},"end":{"line":297,"column":39}},"locations":[{"start":{"line":263,"column":40},"end":{"line":297,"column":39}}]},"64":{"type":"branch","line":270,"loc":{"start":{"line":270,"column":17},"end":{"line":294,"column":6}},"locations":[{"start":{"line":270,"column":17},"end":{"line":294,"column":6}}]},"65":{"type":"branch","line":297,"loc":{"start":{"line":297,"column":11},"end":{"line":297,"column":39}},"locations":[{"start":{"line":297,"column":11},"end":{"line":297,"column":39}}]},"66":{"type":"branch","line":301,"loc":{"start":{"line":301,"column":18},"end":{"line":301,"column":81}},"locations":[{"start":{"line":301,"column":18},"end":{"line":301,"column":81}}]},"67":{"type":"branch","line":302,"loc":{"start":{"line":302,"column":18},"end":{"line":302,"column":75}},"locations":[{"start":{"line":302,"column":18},"end":{"line":302,"column":75}}]},"68":{"type":"branch","line":303,"loc":{"start":{"line":303,"column":18},"end":{"line":303,"column":101}},"locations":[{"start":{"line":303,"column":18},"end":{"line":303,"column":101}}]},"69":{"type":"branch","line":304,"loc":{"start":{"line":304,"column":18},"end":{"line":304,"column":87}},"locations":[{"start":{"line":304,"column":18},"end":{"line":304,"column":87}}]},"70":{"type":"branch","line":305,"loc":{"start":{"line":305,"column":18},"end":{"line":305,"column":87}},"locations":[{"start":{"line":305,"column":18},"end":{"line":305,"column":87}}]},"71":{"type":"branch","line":306,"loc":{"start":{"line":306,"column":18},"end":{"line":306,"column":73}},"locations":[{"start":{"line":306,"column":18},"end":{"line":306,"column":73}}]},"72":{"type":"branch","line":307,"loc":{"start":{"line":307,"column":18},"end":{"line":307,"column":87}},"locations":[{"start":{"line":307,"column":18},"end":{"line":307,"column":87}}]},"73":{"type":"branch","line":310,"loc":{"start":{"line":310,"column":18},"end":{"line":310,"column":72}},"locations":[{"start":{"line":310,"column":18},"end":{"line":310,"column":72}}]},"74":{"type":"branch","line":311,"loc":{"start":{"line":311,"column":18},"end":{"line":311,"column":58}},"locations":[{"start":{"line":311,"column":18},"end":{"line":311,"column":58}}]},"75":{"type":"branch","line":314,"loc":{"start":{"line":314,"column":18},"end":{"line":314,"column":51}},"locations":[{"start":{"line":314,"column":18},"end":{"line":314,"column":51}}]},"76":{"type":"branch","line":316,"loc":{"start":{"line":316,"column":40},"end":{"line":321,"column":5}},"locations":[{"start":{"line":316,"column":40},"end":{"line":321,"column":5}}]},"77":{"type":"branch","line":317,"loc":{"start":{"line":317,"column":29},"end":{"line":320,"column":5}},"locations":[{"start":{"line":317,"column":29},"end":{"line":320,"column":5}}]},"78":{"type":"branch","line":323,"loc":{"start":{"line":323,"column":18},"end":{"line":326,"column":5}},"locations":[{"start":{"line":323,"column":18},"end":{"line":326,"column":5}}]},"79":{"type":"branch","line":325,"loc":{"start":{"line":325,"column":11},"end":{"line":325,"column":73}},"locations":[{"start":{"line":325,"column":11},"end":{"line":325,"column":73}}]},"80":{"type":"branch","line":328,"loc":{"start":{"line":328,"column":34},"end":{"line":334,"column":4}},"locations":[{"start":{"line":328,"column":34},"end":{"line":334,"column":4}}]},"81":{"type":"branch","line":336,"loc":{"start":{"line":336,"column":31},"end":{"line":343,"column":4}},"locations":[{"start":{"line":336,"column":31},"end":{"line":343,"column":4}}]},"82":{"type":"branch","line":340,"loc":{"start":{"line":340,"column":9},"end":{"line":340,"column":33}},"locations":[{"start":{"line":340,"column":9},"end":{"line":340,"column":33}}]},"83":{"type":"branch","line":340,"loc":{"start":{"line":340,"column":33},"end":{"line":342,"column":5}},"locations":[{"start":{"line":340,"column":33},"end":{"line":342,"column":5}}]},"84":{"type":"branch","line":345,"loc":{"start":{"line":345,"column":41},"end":{"line":348,"column":4}},"locations":[{"start":{"line":345,"column":41},"end":{"line":348,"column":4}}]},"85":{"type":"branch","line":350,"loc":{"start":{"line":350,"column":34},"end":{"line":353,"column":4}},"locations":[{"start":{"line":350,"column":34},"end":{"line":353,"column":4}}]},"86":{"type":"branch","line":355,"loc":{"start":{"line":355,"column":28},"end":{"line":357,"column":4}},"locations":[{"start":{"line":355,"column":28},"end":{"line":357,"column":4}}]},"87":{"type":"branch","line":359,"loc":{"start":{"line":359,"column":28},"end":{"line":372,"column":4}},"locations":[{"start":{"line":359,"column":28},"end":{"line":372,"column":4}}]},"88":{"type":"branch","line":361,"loc":{"start":{"line":361,"column":24},"end":{"line":362,"column":154}},"locations":[{"start":{"line":361,"column":24},"end":{"line":362,"column":154}}]},"89":{"type":"branch","line":362,"loc":{"start":{"line":362,"column":8},"end":{"line":363,"column":11}},"locations":[{"start":{"line":362,"column":8},"end":{"line":363,"column":11}}]},"90":{"type":"branch","line":369,"loc":{"start":{"line":369,"column":4},"end":{"line":371,"column":5}},"locations":[{"start":{"line":369,"column":4},"end":{"line":371,"column":5}}]},"91":{"type":"branch","line":367,"loc":{"start":{"line":367,"column":14},"end":{"line":367,"column":117}},"locations":[{"start":{"line":367,"column":14},"end":{"line":367,"column":117}}]},"92":{"type":"branch","line":367,"loc":{"start":{"line":367,"column":24},"end":{"line":367,"column":95}},"locations":[{"start":{"line":367,"column":24},"end":{"line":367,"column":95}}]},"93":{"type":"branch","line":367,"loc":{"start":{"line":367,"column":38},"end":{"line":367,"column":116}},"locations":[{"start":{"line":367,"column":38},"end":{"line":367,"column":116}}]}},"b":{"0":[66],"1":[41],"2":[25],"3":[66],"4":[54],"5":[12],"6":[66],"7":[54],"8":[12],"9":[0],"10":[33],"11":[27],"12":[6],"13":[47],"14":[38],"15":[9],"16":[9],"17":[4],"18":[9],"19":[4],"20":[33],"21":[33],"22":[33],"23":[33],"24":[33],"25":[33],"26":[33],"27":[0],"28":[2],"29":[33],"30":[0],"31":[33],"32":[31],"33":[0],"34":[33],"35":[0],"36":[0],"37":[8],"38":[0],"39":[0],"40":[0],"41":[0],"42":[0],"43":[0],"44":[0],"45":[0],"46":[0],"47":[3],"48":[1],"49":[2],"50":[5],"51":[4],"52":[1],"53":[0],"54":[0],"55":[0],"56":[0],"57":[0],"58":[36],"59":[27],"60":[9],"61":[0],"62":[0],"63":[9],"64":[9],"65":[9],"66":[35],"67":[34],"68":[34],"69":[34],"70":[35],"71":[33],"72":[33],"73":[34],"74":[34],"75":[34],"76":[2],"77":[1],"78":[33],"79":[33],"80":[1],"81":[2],"82":[1],"83":[1],"84":[1],"85":[1],"86":[1],"87":[2],"88":[1],"89":[1],"90":[0],"91":[2],"92":[1],"93":[1]},"fnMap":{"0":{"name":"loadBool","decl":{"start":{"line":92,"column":0},"end":{"line":95,"column":1}},"loc":{"start":{"line":92,"column":0},"end":{"line":95,"column":1}},"line":92},"1":{"name":"loadInt","decl":{"start":{"line":97,"column":0},"end":{"line":100,"column":1}},"loc":{"start":{"line":97,"column":0},"end":{"line":100,"column":1}},"line":97},"2":{"name":"loadFloat","decl":{"start":{"line":102,"column":0},"end":{"line":107,"column":1}},"loc":{"start":{"line":102,"column":0},"end":{"line":107,"column":1}},"line":102},"3":{"name":"loadString","decl":{"start":{"line":109,"column":0},"end":{"line":112,"column":1}},"loc":{"start":{"line":109,"column":0},"end":{"line":112,"column":1}},"line":109},"4":{"name":"BatterButton","decl":{"start":{"line":114,"column":50},"end":{"line":448,"column":2}},"loc":{"start":{"line":114,"column":50},"end":{"line":448,"column":2}},"line":114},"5":{"name":"log","decl":{"start":{"line":137,"column":14},"end":{"line":137,"column":82}},"loc":{"start":{"line":137,"column":14},"end":{"line":137,"column":82}},"line":137},"6":{"name":"tick","decl":{"start":{"line":270,"column":17},"end":{"line":294,"column":6}},"loc":{"start":{"line":270,"column":17},"end":{"line":294,"column":6}},"line":270},"7":{"name":"handleManagerModeChange","decl":{"start":{"line":328,"column":34},"end":{"line":334,"column":4}},"loc":{"start":{"line":328,"column":34},"end":{"line":334,"column":4}},"line":328},"8":{"name":"handleAutoPlayChange","decl":{"start":{"line":336,"column":31},"end":{"line":343,"column":4}},"loc":{"start":{"line":336,"column":31},"end":{"line":343,"column":4}},"line":336},"9":{"name":"handleAnnouncementVolumeChange","decl":{"start":{"line":345,"column":41},"end":{"line":348,"column":4}},"loc":{"start":{"line":345,"column":41},"end":{"line":348,"column":4}},"line":345},"10":{"name":"handleAlertVolumeChange","decl":{"start":{"line":350,"column":34},"end":{"line":353,"column":4}},"loc":{"start":{"line":350,"column":34},"end":{"line":353,"column":4}},"line":350},"11":{"name":"handleSpeedChange","decl":{"start":{"line":355,"column":28},"end":{"line":357,"column":4}},"loc":{"start":{"line":355,"column":28},"end":{"line":357,"column":4}},"line":355},"12":{"name":"handleShareReplay","decl":{"start":{"line":359,"column":28},"end":{"line":372,"column":4}},"loc":{"start":{"line":359,"column":28},"end":{"line":372,"column":4}},"line":359},"13":{"name":"onChange","decl":{"start":{"line":426,"column":54},"end":{"line":426,"column":113}},"loc":{"start":{"line":426,"column":54},"end":{"line":426,"column":113}},"line":426},"14":{"name":"onChange","decl":{"start":{"line":433,"column":51},"end":{"line":433,"column":97}},"loc":{"start":{"line":433,"column":51},"end":{"line":433,"column":97}},"line":433}},"f":{"0":66,"1":66,"2":66,"3":33,"4":47,"5":2,"6":9,"7":1,"8":2,"9":1,"10":1,"11":1,"12":2,"13":0,"14":0}}
,"/home/runner/work/self-playing-baseball/self-playing-baseball/src/Context/index.tsx": {"path":"/home/runner/work/self-playing-baseball/self-playing-baseball/src/Context/index.tsx","all":false,"statementMap":{"0":{"start":{"line":1,"column":0},"end":{"line":1,"column":31}},"1":{"start":{"line":2,"column":0},"end":{"line":2,"column":32}},"3":{"start":{"line":4,"column":0},"end":{"line":4,"column":49}},"5":{"start":{"line":6,"column":0},"end":{"line":6,"column":49}},"40":{"start":{"line":41,"column":0},"end":{"line":41,"column":126}},"41":{"start":{"line":42,"column":0},"end":{"line":42,"column":24}},"42":{"start":{"line":43,"column":0},"end":{"line":43,"column":15}},"43":{"start":{"line":44,"column":0},"end":{"line":44,"column":37}},"44":{"start":{"line":45,"column":0},"end":{"line":45,"column":27}},"45":{"start":{"line":46,"column":0},"end":{"line":46,"column":36}},"46":{"start":{"line":47,"column":0},"end":{"line":47,"column":46}},"48":{"start":{"line":49,"column":0},"end":{"line":49,"column":24}},"50":{"start":{"line":51,"column":0},"end":{"line":51,"column":22}},"51":{"start":{"line":52,"column":0},"end":{"line":52,"column":12}},"52":{"start":{"line":53,"column":0},"end":{"line":53,"column":64}},"53":{"start":{"line":54,"column":0},"end":{"line":54,"column":3}},"54":{"start":{"line":55,"column":0},"end":{"line":55,"column":1}},"56":{"start":{"line":57,"column":0},"end":{"line":57,"column":29}},"57":{"start":{"line":58,"column":0},"end":{"line":58,"column":12}},"58":{"start":{"line":59,"column":0},"end":{"line":59,"column":16}},"59":{"start":{"line":60,"column":0},"end":{"line":60,"column":20}},"60":{"start":{"line":61,"column":0},"end":{"line":61,"column":24}},"61":{"start":{"line":62,"column":0},"end":{"line":62,"column":10}},"62":{"start":{"line":63,"column":0},"end":{"line":63,"column":13}},"63":{"start":{"line":64,"column":0},"end":{"line":64,"column":11}},"64":{"start":{"line":65,"column":0},"end":{"line":65,"column":11}},"65":{"start":{"line":66,"column":0},"end":{"line":66,"column":18}},"66":{"start":{"line":67,"column":0},"end":{"line":67,"column":24}},"67":{"start":{"line":68,"column":0},"end":{"line":68,"column":25}},"68":{"start":{"line":69,"column":0},"end":{"line":69,"column":14}},"69":{"start":{"line":70,"column":0},"end":{"line":70,"column":18}},"70":{"start":{"line":71,"column":0},"end":{"line":71,"column":2}},"74":{"start":{"line":75,"column":0},"end":{"line":75,"column":86}},"75":{"start":{"line":76,"column":0},"end":{"line":76,"column":89}},"76":{"start":{"line":77,"column":0},"end":{"line":77,"column":84}},"78":{"start":{"line":79,"column":0},"end":{"line":79,"column":10}},"79":{"start":{"line":80,"column":0},"end":{"line":80,"column":34}},"80":{"start":{"line":81,"column":0},"end":{"line":81,"column":15}},"81":{"start":{"line":82,"column":0},"end":{"line":82,"column":15}},"82":{"start":{"line":83,"column":0},"end":{"line":83,"column":34}},"83":{"start":{"line":84,"column":0},"end":{"line":84,"column":33}},"84":{"start":{"line":85,"column":0},"end":{"line":85,"column":7}},"85":{"start":{"line":86,"column":0},"end":{"line":86,"column":16}},"86":{"start":{"line":87,"column":0},"end":{"line":87,"column":27}},"88":{"start":{"line":89,"column":0},"end":{"line":89,"column":1}}},"s":{"0":1,"1":1,"3":1,"5":1,"40":1,"41":1,"42":1,"43":1,"44":1,"45":1,"46":1,"48":1,"50":1,"51":1,"52":0,"53":1,"54":0,"56":1,"57":1,"58":1,"59":1,"60":1,"61":1,"62":1,"63":1,"64":1,"65":1,"66":1,"67":1,"68":1,"69":1,"70":1,"74":1,"75":15,"76":15,"78":15,"79":15,"80":15,"81":15,"82":15,"83":15,"84":15,"85":15,"86":15,"88":15},"branchMap":{"0":{"type":"branch","line":41,"loc":{"start":{"line":41,"column":0},"end":{"line":55,"column":1}},"locations":[{"start":{"line":41,"column":0},"end":{"line":55,"column":1}}]},"1":{"type":"branch","line":52,"loc":{"start":{"line":52,"column":4},"end":{"line":53,"column":64}},"locations":[{"start":{"line":52,"column":4},"end":{"line":53,"column":64}}]},"2":{"type":"branch","line":54,"loc":{"start":{"line":54,"column":2},"end":{"line":55,"column":1}},"locations":[{"start":{"line":54,"column":2},"end":{"line":55,"column":1}}]},"3":{"type":"branch","line":75,"loc":{"start":{"line":75,"column":67},"end":{"line":89,"column":1}},"locations":[{"start":{"line":75,"column":67},"end":{"line":89,"column":1}}]}},"b":{"0":[1],"1":[0],"2":[0],"3":[15]},"fnMap":{"0":{"name":"logReducer","decl":{"start":{"line":41,"column":0},"end":{"line":55,"column":1}},"loc":{"start":{"line":41,"column":0},"end":{"line":55,"column":1}},"line":41},"1":{"name":"GameProviderWrapper","decl":{"start":{"line":75,"column":67},"end":{"line":89,"column":1}},"loc":{"start":{"line":75,"column":67},"end":{"line":89,"column":1}},"line":75}},"f":{"0":1,"1":15}}
,"/home/runner/work/self-playing-baseball/self-playing-baseball/src/Context/reducer.ts": {"path":"/home/runner/work/self-playing-baseball/self-playing-baseball/src/Context/reducer.ts","all":false,"statementMap":{"0":{"start":{"line":1,"column":0},"end":{"line":1,"column":44}},"1":{"start":{"line":2,"column":0},"end":{"line":2,"column":53}},"4":{"start":{"line":5,"column":0},"end":{"line":5,"column":55}},"5":{"start":{"line":6,"column":0},"end":{"line":6,"column":52}},"6":{"start":{"line":7,"column":0},"end":{"line":7,"column":1}},"10":{"start":{"line":11,"column":0},"end":{"line":11,"column":131}},"11":{"start":{"line":12,"column":0},"end":{"line":12,"column":64}},"12":{"start":{"line":13,"column":0},"end":{"line":13,"column":99}},"13":{"start":{"line":14,"column":0},"end":{"line":14,"column":99}},"14":{"start":{"line":15,"column":0},"end":{"line":15,"column":99}},"15":{"start":{"line":16,"column":0},"end":{"line":16,"column":99}},"16":{"start":{"line":17,"column":0},"end":{"line":17,"column":99}},"17":{"start":{"line":18,"column":0},"end":{"line":18,"column":4}},"18":{"start":{"line":19,"column":0},"end":{"line":19,"column":31}},"19":{"start":{"line":20,"column":0},"end":{"line":20,"column":2}},"22":{"start":{"line":23,"column":0},"end":{"line":23,"column":43}},"23":{"start":{"line":24,"column":0},"end":{"line":24,"column":61}},"24":{"start":{"line":25,"column":0},"end":{"line":25,"column":51}},"25":{"start":{"line":26,"column":0},"end":{"line":26,"column":76}},"26":{"start":{"line":27,"column":0},"end":{"line":27,"column":49}},"27":{"start":{"line":28,"column":0},"end":{"line":28,"column":54}},"28":{"start":{"line":29,"column":0},"end":{"line":29,"column":2}},"45":{"start":{"line":46,"column":0},"end":{"line":46,"column":24}},"46":{"start":{"line":47,"column":0},"end":{"line":47,"column":12}},"47":{"start":{"line":48,"column":0},"end":{"line":48,"column":36}},"48":{"start":{"line":49,"column":0},"end":{"line":49,"column":65}},"49":{"start":{"line":50,"column":0},"end":{"line":50,"column":54}},"50":{"start":{"line":51,"column":0},"end":{"line":51,"column":21}},"52":{"start":{"line":53,"column":0},"end":{"line":53,"column":17}},"53":{"start":{"line":54,"column":0},"end":{"line":54,"column":21}},"55":{"start":{"line":56,"column":0},"end":{"line":56,"column":54}},"56":{"start":{"line":57,"column":0},"end":{"line":57,"column":12}},"58":{"start":{"line":59,"column":0},"end":{"line":59,"column":20}},"60":{"start":{"line":61,"column":0},"end":{"line":61,"column":50}},"61":{"start":{"line":62,"column":0},"end":{"line":62,"column":21}},"62":{"start":{"line":63,"column":0},"end":{"line":63,"column":12}},"64":{"start":{"line":65,"column":0},"end":{"line":65,"column":20}},"66":{"start":{"line":67,"column":0},"end":{"line":67,"column":35}},"67":{"start":{"line":68,"column":0},"end":{"line":68,"column":35}},"68":{"start":{"line":69,"column":0},"end":{"line":69,"column":37}},"69":{"start":{"line":70,"column":0},"end":{"line":70,"column":21}},"70":{"start":{"line":71,"column":0},"end":{"line":71,"column":12}},"72":{"start":{"line":73,"column":0},"end":{"line":73,"column":20}},"74":{"start":{"line":75,"column":0},"end":{"line":75,"column":35}},"75":{"start":{"line":76,"column":0},"end":{"line":76,"column":37}},"76":{"start":{"line":77,"column":0},"end":{"line":77,"column":37}},"77":{"start":{"line":78,"column":0},"end":{"line":78,"column":21}},"78":{"start":{"line":79,"column":0},"end":{"line":79,"column":12}},"80":{"start":{"line":81,"column":0},"end":{"line":81,"column":18}},"83":{"start":{"line":84,"column":0},"end":{"line":84,"column":23}},"85":{"start":{"line":86,"column":0},"end":{"line":86,"column":25}},"86":{"start":{"line":87,"column":0},"end":{"line":87,"column":27}},"87":{"start":{"line":88,"column":0},"end":{"line":88,"column":69}},"88":{"start":{"line":89,"column":0},"end":{"line":89,"column":11}},"89":{"start":{"line":90,"column":0},"end":{"line":90,"column":82}},"90":{"start":{"line":91,"column":0},"end":{"line":91,"column":51}},"91":{"start":{"line":92,"column":0},"end":{"line":92,"column":16}},"92":{"start":{"line":93,"column":0},"end":{"line":93,"column":51}},"93":{"start":{"line":94,"column":0},"end":{"line":94,"column":64}},"94":{"start":{"line":95,"column":0},"end":{"line":95,"column":9}},"95":{"start":{"line":96,"column":0},"end":{"line":96,"column":40}},"96":{"start":{"line":97,"column":0},"end":{"line":97,"column":14}},"98":{"start":{"line":99,"column":0},"end":{"line":99,"column":40}},"99":{"start":{"line":100,"column":0},"end":{"line":100,"column":39}},"100":{"start":{"line":101,"column":0},"end":{"line":101,"column":39}},"101":{"start":{"line":102,"column":0},"end":{"line":102,"column":7}},"102":{"start":{"line":103,"column":0},"end":{"line":103,"column":12}},"104":{"start":{"line":105,"column":0},"end":{"line":105,"column":12}},"105":{"start":{"line":106,"column":0},"end":{"line":106,"column":58}},"106":{"start":{"line":107,"column":0},"end":{"line":107,"column":3}},"108":{"start":{"line":109,"column":0},"end":{"line":109,"column":33}},"109":{"start":{"line":110,"column":0},"end":{"line":110,"column":2}},"111":{"start":{"line":112,"column":0},"end":{"line":112,"column":91}},"112":{"start":{"line":113,"column":0},"end":{"line":113,"column":45}},"113":{"start":{"line":114,"column":0},"end":{"line":114,"column":16}},"114":{"start":{"line":115,"column":0},"end":{"line":115,"column":13}},"115":{"start":{"line":116,"column":0},"end":{"line":116,"column":13}},"116":{"start":{"line":117,"column":0},"end":{"line":117,"column":15}},"117":{"start":{"line":118,"column":0},"end":{"line":118,"column":49}},"118":{"start":{"line":119,"column":0},"end":{"line":119,"column":47}},"119":{"start":{"line":120,"column":0},"end":{"line":120,"column":13}},"120":{"start":{"line":121,"column":0},"end":{"line":121,"column":4}},"121":{"start":{"line":122,"column":0},"end":{"line":122,"column":42}},"124":{"start":{"line":125,"column":0},"end":{"line":125,"column":74}},"126":{"start":{"line":127,"column":0},"end":{"line":127,"column":64}},"128":{"start":{"line":129,"column":0},"end":{"line":129,"column":57}},"129":{"start":{"line":130,"column":0},"end":{"line":130,"column":25}},"130":{"start":{"line":131,"column":0},"end":{"line":131,"column":54}},"131":{"start":{"line":132,"column":0},"end":{"line":132,"column":12}},"132":{"start":{"line":133,"column":0},"end":{"line":133,"column":43}},"133":{"start":{"line":134,"column":0},"end":{"line":134,"column":72}},"134":{"start":{"line":135,"column":0},"end":{"line":135,"column":5}},"135":{"start":{"line":136,"column":0},"end":{"line":136,"column":34}},"136":{"start":{"line":137,"column":0},"end":{"line":137,"column":28}},"137":{"start":{"line":138,"column":0},"end":{"line":138,"column":3}},"139":{"start":{"line":140,"column":0},"end":{"line":140,"column":73}},"140":{"start":{"line":141,"column":0},"end":{"line":141,"column":70}},"141":{"start":{"line":142,"column":0},"end":{"line":142,"column":38}},"143":{"start":{"line":144,"column":0},"end":{"line":144,"column":94}},"145":{"start":{"line":146,"column":0},"end":{"line":146,"column":74}},"146":{"start":{"line":147,"column":0},"end":{"line":147,"column":2}},"149":{"start":{"line":150,"column":0},"end":{"line":150,"column":53}},"150":{"start":{"line":151,"column":0},"end":{"line":151,"column":26}},"151":{"start":{"line":152,"column":0},"end":{"line":152,"column":37}},"152":{"start":{"line":153,"column":0},"end":{"line":153,"column":24}},"153":{"start":{"line":154,"column":0},"end":{"line":154,"column":67}},"154":{"start":{"line":155,"column":0},"end":{"line":155,"column":50}},"155":{"start":{"line":156,"column":0},"end":{"line":156,"column":42}},"156":{"start":{"line":157,"column":0},"end":{"line":157,"column":5}},"157":{"start":{"line":158,"column":0},"end":{"line":158,"column":3}},"158":{"start":{"line":159,"column":0},"end":{"line":159,"column":15}},"159":{"start":{"line":160,"column":0},"end":{"line":160,"column":2}},"161":{"start":{"line":162,"column":0},"end":{"line":162,"column":54}},"162":{"start":{"line":163,"column":0},"end":{"line":163,"column":20}},"163":{"start":{"line":164,"column":0},"end":{"line":164,"column":13}},"164":{"start":{"line":165,"column":0},"end":{"line":165,"column":54}},"165":{"start":{"line":166,"column":0},"end":{"line":166,"column":34}},"166":{"start":{"line":167,"column":0},"end":{"line":167,"column":49}},"167":{"start":{"line":168,"column":0},"end":{"line":168,"column":47}},"168":{"start":{"line":169,"column":0},"end":{"line":169,"column":23}},"169":{"start":{"line":170,"column":0},"end":{"line":170,"column":4}},"170":{"start":{"line":171,"column":0},"end":{"line":171,"column":41}},"171":{"start":{"line":172,"column":0},"end":{"line":172,"column":34}},"173":{"start":{"line":174,"column":0},"end":{"line":174,"column":26}},"174":{"start":{"line":175,"column":0},"end":{"line":175,"column":22}},"175":{"start":{"line":176,"column":0},"end":{"line":176,"column":19}},"176":{"start":{"line":177,"column":0},"end":{"line":177,"column":3}},"178":{"start":{"line":179,"column":0},"end":{"line":179,"column":72}},"180":{"start":{"line":181,"column":0},"end":{"line":181,"column":45}},"181":{"start":{"line":182,"column":0},"end":{"line":182,"column":43}},"182":{"start":{"line":183,"column":0},"end":{"line":183,"column":37}},"183":{"start":{"line":184,"column":0},"end":{"line":184,"column":3}},"185":{"start":{"line":186,"column":0},"end":{"line":186,"column":58}},"186":{"start":{"line":187,"column":0},"end":{"line":187,"column":14}},"187":{"start":{"line":188,"column":0},"end":{"line":188,"column":1}},"189":{"start":{"line":190,"column":0},"end":{"line":190,"column":49}},"190":{"start":{"line":191,"column":0},"end":{"line":191,"column":33}},"192":{"start":{"line":193,"column":0},"end":{"line":193,"column":22}},"193":{"start":{"line":194,"column":0},"end":{"line":194,"column":49}},"194":{"start":{"line":195,"column":0},"end":{"line":195,"column":45}},"196":{"start":{"line":197,"column":0},"end":{"line":197,"column":49}},"197":{"start":{"line":198,"column":0},"end":{"line":198,"column":50}},"198":{"start":{"line":199,"column":0},"end":{"line":199,"column":39}},"199":{"start":{"line":200,"column":0},"end":{"line":200,"column":5}},"201":{"start":{"line":202,"column":0},"end":{"line":202,"column":21}},"202":{"start":{"line":203,"column":0},"end":{"line":203,"column":3}},"204":{"start":{"line":205,"column":0},"end":{"line":205,"column":48}},"205":{"start":{"line":206,"column":0},"end":{"line":206,"column":10}},"206":{"start":{"line":207,"column":0},"end":{"line":207,"column":13}},"207":{"start":{"line":208,"column":0},"end":{"line":208,"column":40}},"208":{"start":{"line":209,"column":0},"end":{"line":209,"column":50}},"209":{"start":{"line":210,"column":0},"end":{"line":210,"column":23}},"210":{"start":{"line":211,"column":0},"end":{"line":211,"column":4}},"211":{"start":{"line":212,"column":0},"end":{"line":212,"column":1}},"213":{"start":{"line":214,"column":0},"end":{"line":214,"column":81}},"214":{"start":{"line":215,"column":0},"end":{"line":215,"column":39}},"215":{"start":{"line":216,"column":0},"end":{"line":216,"column":45}},"217":{"start":{"line":218,"column":0},"end":{"line":218,"column":25}},"218":{"start":{"line":219,"column":0},"end":{"line":219,"column":97}},"219":{"start":{"line":220,"column":0},"end":{"line":220,"column":50}},"220":{"start":{"line":221,"column":0},"end":{"line":221,"column":3}},"222":{"start":{"line":223,"column":0},"end":{"line":223,"column":13}},"223":{"start":{"line":224,"column":0},"end":{"line":224,"column":45}},"224":{"start":{"line":225,"column":0},"end":{"line":225,"column":10}},"225":{"start":{"line":226,"column":0},"end":{"line":226,"column":93}},"226":{"start":{"line":227,"column":0},"end":{"line":227,"column":3}},"228":{"start":{"line":229,"column":0},"end":{"line":229,"column":10}},"229":{"start":{"line":230,"column":0},"end":{"line":230,"column":13}},"230":{"start":{"line":231,"column":0},"end":{"line":231,"column":24}},"231":{"start":{"line":232,"column":0},"end":{"line":232,"column":50}},"232":{"start":{"line":233,"column":0},"end":{"line":233,"column":23}},"233":{"start":{"line":234,"column":0},"end":{"line":234,"column":13}},"234":{"start":{"line":235,"column":0},"end":{"line":235,"column":4}},"235":{"start":{"line":236,"column":0},"end":{"line":236,"column":1}},"237":{"start":{"line":238,"column":0},"end":{"line":238,"column":50}},"238":{"start":{"line":239,"column":0},"end":{"line":239,"column":35}},"239":{"start":{"line":240,"column":0},"end":{"line":240,"column":45}},"241":{"start":{"line":242,"column":0},"end":{"line":242,"column":23}},"242":{"start":{"line":243,"column":0},"end":{"line":243,"column":39}},"243":{"start":{"line":244,"column":0},"end":{"line":244,"column":58}},"244":{"start":{"line":245,"column":0},"end":{"line":245,"column":3}},"246":{"start":{"line":247,"column":0},"end":{"line":247,"column":27}},"247":{"start":{"line":248,"column":0},"end":{"line":248,"column":10}},"248":{"start":{"line":249,"column":0},"end":{"line":249,"column":13}},"249":{"start":{"line":250,"column":0},"end":{"line":250,"column":20}},"250":{"start":{"line":251,"column":0},"end":{"line":251,"column":50}},"251":{"start":{"line":252,"column":0},"end":{"line":252,"column":23}},"252":{"start":{"line":253,"column":0},"end":{"line":253,"column":13}},"253":{"start":{"line":254,"column":0},"end":{"line":254,"column":4}},"254":{"start":{"line":255,"column":0},"end":{"line":255,"column":1}},"256":{"start":{"line":257,"column":0},"end":{"line":257,"column":118}},"257":{"start":{"line":258,"column":0},"end":{"line":258,"column":36}},"260":{"start":{"line":261,"column":0},"end":{"line":261,"column":28}},"261":{"start":{"line":262,"column":0},"end":{"line":262,"column":83}},"262":{"start":{"line":263,"column":0},"end":{"line":263,"column":30}},"263":{"start":{"line":264,"column":0},"end":{"line":264,"column":36}},"264":{"start":{"line":265,"column":0},"end":{"line":265,"column":5}},"265":{"start":{"line":266,"column":0},"end":{"line":266,"column":43}},"266":{"start":{"line":267,"column":0},"end":{"line":267,"column":3}},"269":{"start":{"line":270,"column":0},"end":{"line":270,"column":71}},"270":{"start":{"line":271,"column":0},"end":{"line":271,"column":33}},"271":{"start":{"line":272,"column":0},"end":{"line":272,"column":43}},"272":{"start":{"line":273,"column":0},"end":{"line":273,"column":10}},"273":{"start":{"line":274,"column":0},"end":{"line":274,"column":34}},"274":{"start":{"line":275,"column":0},"end":{"line":275,"column":3}},"275":{"start":{"line":276,"column":0},"end":{"line":276,"column":1}},"278":{"start":{"line":279,"column":0},"end":{"line":279,"column":77}},"279":{"start":{"line":280,"column":0},"end":{"line":280,"column":66}},"280":{"start":{"line":281,"column":0},"end":{"line":281,"column":60}},"281":{"start":{"line":282,"column":0},"end":{"line":282,"column":2}},"285":{"start":{"line":286,"column":0},"end":{"line":286,"column":25}},"287":{"start":{"line":288,"column":0},"end":{"line":288,"column":112}},"288":{"start":{"line":289,"column":0},"end":{"line":289,"column":32}},"289":{"start":{"line":290,"column":0},"end":{"line":290,"column":34}},"291":{"start":{"line":292,"column":0},"end":{"line":292,"column":53}},"295":{"start":{"line":296,"column":0},"end":{"line":296,"column":62}},"296":{"start":{"line":297,"column":0},"end":{"line":297,"column":6}},"297":{"start":{"line":298,"column":0},"end":{"line":298,"column":21}},"298":{"start":{"line":299,"column":0},"end":{"line":299,"column":39}},"299":{"start":{"line":300,"column":0},"end":{"line":300,"column":17}},"300":{"start":{"line":301,"column":0},"end":{"line":301,"column":24}},"301":{"start":{"line":302,"column":0},"end":{"line":302,"column":18}},"302":{"start":{"line":303,"column":0},"end":{"line":303,"column":5}},"303":{"start":{"line":304,"column":0},"end":{"line":304,"column":27}},"304":{"start":{"line":305,"column":0},"end":{"line":305,"column":3}},"307":{"start":{"line":308,"column":0},"end":{"line":308,"column":17}},"308":{"start":{"line":309,"column":0},"end":{"line":309,"column":42}},"310":{"start":{"line":311,"column":0},"end":{"line":311,"column":54}},"311":{"start":{"line":312,"column":0},"end":{"line":312,"column":82}},"312":{"start":{"line":313,"column":0},"end":{"line":313,"column":5}},"313":{"start":{"line":314,"column":0},"end":{"line":314,"column":42}},"315":{"start":{"line":316,"column":0},"end":{"line":316,"column":54}},"316":{"start":{"line":317,"column":0},"end":{"line":317,"column":82}},"317":{"start":{"line":318,"column":0},"end":{"line":318,"column":5}},"318":{"start":{"line":319,"column":0},"end":{"line":319,"column":3}},"321":{"start":{"line":322,"column":0},"end":{"line":322,"column":53}},"322":{"start":{"line":323,"column":0},"end":{"line":323,"column":28}},"323":{"start":{"line":324,"column":0},"end":{"line":324,"column":3}},"326":{"start":{"line":327,"column":0},"end":{"line":327,"column":63}},"327":{"start":{"line":328,"column":0},"end":{"line":328,"column":63}},"329":{"start":{"line":330,"column":0},"end":{"line":330,"column":14}},"330":{"start":{"line":331,"column":0},"end":{"line":331,"column":2}},"333":{"start":{"line":334,"column":0},"end":{"line":334,"column":52}},"334":{"start":{"line":335,"column":0},"end":{"line":335,"column":47}},"335":{"start":{"line":336,"column":0},"end":{"line":336,"column":37}},"336":{"start":{"line":337,"column":0},"end":{"line":337,"column":22}},"337":{"start":{"line":338,"column":0},"end":{"line":338,"column":46}},"338":{"start":{"line":339,"column":0},"end":{"line":339,"column":42}},"339":{"start":{"line":340,"column":0},"end":{"line":340,"column":5}},"340":{"start":{"line":341,"column":0},"end":{"line":341,"column":3}},"341":{"start":{"line":342,"column":0},"end":{"line":342,"column":15}},"342":{"start":{"line":343,"column":0},"end":{"line":343,"column":2}},"344":{"start":{"line":345,"column":0},"end":{"line":345,"column":37}},"345":{"start":{"line":346,"column":0},"end":{"line":346,"column":43}},"347":{"start":{"line":348,"column":0},"end":{"line":348,"column":88}},"348":{"start":{"line":349,"column":0},"end":{"line":349,"column":78}},"349":{"start":{"line":350,"column":0},"end":{"line":350,"column":19}},"350":{"start":{"line":351,"column":0},"end":{"line":351,"column":5}},"352":{"start":{"line":353,"column":0},"end":{"line":353,"column":26}},"353":{"start":{"line":354,"column":0},"end":{"line":354,"column":24}},"354":{"start":{"line":355,"column":0},"end":{"line":355,"column":54}},"356":{"start":{"line":357,"column":0},"end":{"line":357,"column":19}},"357":{"start":{"line":358,"column":0},"end":{"line":358,"column":74}},"358":{"start":{"line":359,"column":0},"end":{"line":359,"column":71}},"359":{"start":{"line":360,"column":0},"end":{"line":360,"column":62}},"360":{"start":{"line":361,"column":0},"end":{"line":361,"column":41}},"361":{"start":{"line":362,"column":0},"end":{"line":362,"column":7}},"363":{"start":{"line":364,"column":0},"end":{"line":364,"column":22}},"364":{"start":{"line":365,"column":0},"end":{"line":365,"column":51}},"366":{"start":{"line":367,"column":0},"end":{"line":367,"column":22}},"367":{"start":{"line":368,"column":0},"end":{"line":368,"column":53}},"368":{"start":{"line":369,"column":0},"end":{"line":369,"column":54}},"369":{"start":{"line":370,"column":0},"end":{"line":370,"column":7}},"371":{"start":{"line":372,"column":0},"end":{"line":372,"column":20}},"373":{"start":{"line":374,"column":0},"end":{"line":374,"column":32}},"374":{"start":{"line":375,"column":0},"end":{"line":375,"column":54}},"375":{"start":{"line":376,"column":0},"end":{"line":376,"column":9}},"377":{"start":{"line":378,"column":0},"end":{"line":378,"column":40}},"378":{"start":{"line":379,"column":0},"end":{"line":379,"column":16}},"379":{"start":{"line":380,"column":0},"end":{"line":380,"column":19}},"380":{"start":{"line":381,"column":0},"end":{"line":381,"column":32}},"381":{"start":{"line":382,"column":0},"end":{"line":382,"column":29}},"382":{"start":{"line":383,"column":0},"end":{"line":383,"column":46}},"383":{"start":{"line":384,"column":0},"end":{"line":384,"column":10}},"384":{"start":{"line":385,"column":0},"end":{"line":385,"column":7}},"386":{"start":{"line":387,"column":0},"end":{"line":387,"column":20}},"387":{"start":{"line":388,"column":0},"end":{"line":388,"column":74}},"388":{"start":{"line":389,"column":0},"end":{"line":389,"column":72}},"389":{"start":{"line":390,"column":0},"end":{"line":390,"column":7}},"391":{"start":{"line":392,"column":0},"end":{"line":392,"column":36}},"392":{"start":{"line":393,"column":0},"end":{"line":393,"column":105}},"394":{"start":{"line":395,"column":0},"end":{"line":395,"column":29}},"395":{"start":{"line":396,"column":0},"end":{"line":396,"column":52}},"396":{"start":{"line":397,"column":0},"end":{"line":397,"column":67}},"397":{"start":{"line":398,"column":0},"end":{"line":398,"column":39}},"398":{"start":{"line":399,"column":0},"end":{"line":399,"column":32}},"399":{"start":{"line":400,"column":0},"end":{"line":400,"column":41}},"401":{"start":{"line":402,"column":0},"end":{"line":402,"column":102}},"402":{"start":{"line":403,"column":0},"end":{"line":403,"column":28}},"403":{"start":{"line":404,"column":0},"end":{"line":404,"column":32}},"404":{"start":{"line":405,"column":0},"end":{"line":405,"column":18}},"405":{"start":{"line":406,"column":0},"end":{"line":406,"column":21}},"406":{"start":{"line":407,"column":0},"end":{"line":407,"column":32}},"407":{"start":{"line":408,"column":0},"end":{"line":408,"column":58}},"408":{"start":{"line":409,"column":0},"end":{"line":409,"column":48}},"409":{"start":{"line":410,"column":0},"end":{"line":410,"column":12}},"410":{"start":{"line":411,"column":0},"end":{"line":411,"column":16}},"411":{"start":{"line":412,"column":0},"end":{"line":412,"column":34}},"412":{"start":{"line":413,"column":0},"end":{"line":413,"column":107}},"413":{"start":{"line":414,"column":0},"end":{"line":414,"column":33}},"414":{"start":{"line":415,"column":0},"end":{"line":415,"column":28}},"415":{"start":{"line":416,"column":0},"end":{"line":416,"column":21}},"416":{"start":{"line":417,"column":0},"end":{"line":417,"column":34}},"417":{"start":{"line":418,"column":0},"end":{"line":418,"column":37}},"418":{"start":{"line":419,"column":0},"end":{"line":419,"column":48}},"419":{"start":{"line":420,"column":0},"end":{"line":420,"column":18}},"420":{"start":{"line":421,"column":0},"end":{"line":421,"column":9}},"421":{"start":{"line":422,"column":0},"end":{"line":422,"column":7}},"423":{"start":{"line":424,"column":0},"end":{"line":424,"column":28}},"424":{"start":{"line":425,"column":0},"end":{"line":425,"column":74}},"425":{"start":{"line":426,"column":0},"end":{"line":426,"column":41}},"426":{"start":{"line":427,"column":0},"end":{"line":427,"column":39}},"427":{"start":{"line":428,"column":0},"end":{"line":428,"column":61}},"429":{"start":{"line":430,"column":0},"end":{"line":430,"column":34}},"430":{"start":{"line":431,"column":0},"end":{"line":431,"column":30}},"431":{"start":{"line":432,"column":0},"end":{"line":432,"column":89}},"432":{"start":{"line":433,"column":0},"end":{"line":433,"column":31}},"434":{"start":{"line":435,"column":0},"end":{"line":435,"column":52}},"435":{"start":{"line":436,"column":0},"end":{"line":436,"column":43}},"436":{"start":{"line":437,"column":0},"end":{"line":437,"column":62}},"437":{"start":{"line":438,"column":0},"end":{"line":438,"column":29}},"439":{"start":{"line":440,"column":0},"end":{"line":440,"column":69}},"440":{"start":{"line":441,"column":0},"end":{"line":441,"column":69}},"441":{"start":{"line":442,"column":0},"end":{"line":442,"column":69}},"443":{"start":{"line":444,"column":0},"end":{"line":444,"column":78}},"444":{"start":{"line":445,"column":0},"end":{"line":445,"column":46}},"445":{"start":{"line":446,"column":0},
[...]
[{"start":{"line":128,"column":30},"end":{"line":128,"column":37}}]},"32":{"type":"branch","line":128,"loc":{"start":{"line":128,"column":30},"end":{"line":148,"column":11}},"locations":[{"start":{"line":128,"column":30},"end":{"line":148,"column":11}}]},"33":{"type":"branch","line":148,"loc":{"start":{"line":148,"column":2},"end":{"line":150,"column":3}},"locations":[{"start":{"line":148,"column":2},"end":{"line":150,"column":3}}]},"34":{"type":"branch","line":131,"loc":{"start":{"line":131,"column":21},"end":{"line":143,"column":6}},"locations":[{"start":{"line":131,"column":21},"end":{"line":143,"column":6}}]},"35":{"type":"branch","line":156,"loc":{"start":{"line":156,"column":24},"end":{"line":175,"column":2}},"locations":[{"start":{"line":156,"column":24},"end":{"line":175,"column":2}}]},"36":{"type":"branch","line":178,"loc":{"start":{"line":178,"column":34},"end":{"line":198,"column":2}},"locations":[{"start":{"line":178,"column":34},"end":{"line":198,"column":2}}]},"37":{"type":"branch","line":179,"loc":{"start":{"line":179,"column":26},"end":{"line":182,"column":30}},"locations":[{"start":{"line":179,"column":26},"end":{"line":182,"column":30}}]},"38":{"type":"branch","line":182,"loc":{"start":{"line":182,"column":13},"end":{"line":182,"column":114}},"locations":[{"start":{"line":182,"column":13},"end":{"line":182,"column":114}}]},"39":{"type":"branch","line":183,"loc":{"start":{"line":183,"column":14},"end":{"line":183,"column":21}},"locations":[{"start":{"line":183,"column":14},"end":{"line":183,"column":21}}]},"40":{"type":"branch","line":183,"loc":{"start":{"line":183,"column":14},"end":{"line":197,"column":11}},"locations":[{"start":{"line":183,"column":14},"end":{"line":197,"column":11}}]},"41":{"type":"branch","line":197,"loc":{"start":{"line":197,"column":2},"end":{"line":197,"column":17}},"locations":[{"start":{"line":197,"column":2},"end":{"line":197,"column":17}}]},"42":{"type":"branch","line":186,"loc":{"start":{"line":186,"column":14},"end":{"line":186,"column":95}},"locations":[{"start":{"line":186,"column":14},"end":{"line":186,"column":95}}]},"43":{"type":"branch","line":202,"loc":{"start":{"line":202,"column":36},"end":{"line":234,"column":2}},"locations":[{"start":{"line":202,"column":36},"end":{"line":234,"column":2}}]},"44":{"type":"branch","line":203,"loc":{"start":{"line":203,"column":26},"end":{"line":206,"column":30}},"locations":[{"start":{"line":203,"column":26},"end":{"line":206,"column":30}}]},"45":{"type":"branch","line":206,"loc":{"start":{"line":206,"column":13},"end":{"line":206,"column":114}},"locations":[{"start":{"line":206,"column":13},"end":{"line":206,"column":114}}]},"46":{"type":"branch","line":207,"loc":{"start":{"line":207,"column":14},"end":{"line":207,"column":21}},"locations":[{"start":{"line":207,"column":14},"end":{"line":207,"column":21}}]},"47":{"type":"branch","line":207,"loc":{"start":{"line":207,"column":14},"end":{"line":233,"column":11}},"locations":[{"start":{"line":207,"column":14},"end":{"line":233,"column":11}}]},"48":{"type":"branch","line":233,"loc":{"start":{"line":233,"column":2},"end":{"line":233,"column":17}},"locations":[{"start":{"line":233,"column":2},"end":{"line":233,"column":17}}]},"49":{"type":"branch","line":211,"loc":{"start":{"line":211,"column":14},"end":{"line":211,"column":99}},"locations":[{"start":{"line":211,"column":14},"end":{"line":211,"column":99}}]}},"b":{"0":[1],"1":[0],"2":[0],"3":[0],"4":[4],"5":[3],"6":[0],"7":[0],"8":[42],"9":[4],"10":[1],"11":[39],"12":[3],"13":[3],"14":[9],"15":[1],"16":[8],"17":[1],"18":[8],"19":[32],"20":[3],"21":[4],"22":[2],"23":[1],"24":[7],"25":[5],"26":[5],"27":[3],"28":[1],"29":[2],"30":[0],"31":[0],"32":[2],"33":[0],"34":[4],"35":[20],"36":[2],"37":[1],"38":[0],"39":[0],"40":[1],"41":[0],"42":[7],"43":[2],"44":[1],"45":[0],"46":[0],"47":[1],"48":[0],"49":[13]},"fnMap":{"0":{"name":"pickVoice","decl":{"start":{"line":13,"column":18},"end":{"line":23,"column":2}},"loc":{"start":{"line":13,"column":18},"end":{"line":23,"column":2}},"line":13},"1":{"name":"toSpeechText","decl":{"start":{"line":40,"column":21},"end":{"line":46,"column":2}},"loc":{"start":{"line":40,"column":21},"end":{"line":46,"column":2}},"line":40},"2":{"name":"flushBatch","decl":{"start":{"line":52,"column":19},"end":{"line":66,"column":2}},"loc":{"start":{"line":52,"column":19},"end":{"line":66,"column":2}},"line":52},"3":{"name":"setAnnouncementVolume","decl":{"start":{"line":70,"column":37},"end":{"line":78,"column":2}},"loc":{"start":{"line":70,"column":37},"end":{"line":78,"column":2}},"line":70},"4":{"name":"setAlertVolume","decl":{"start":{"line":80,"column":30},"end":{"line":82,"column":2}},"loc":{"start":{"line":80,"column":30},"end":{"line":82,"column":2}},"line":80},"5":{"name":"getAnnouncementVolume","decl":{"start":{"line":84,"column":37},"end":{"line":84,"column":65}},"loc":{"start":{"line":84,"column":37},"end":{"line":84,"column":65}},"line":84},"6":{"name":"getAlertVolume","decl":{"start":{"line":85,"column":30},"end":{"line":85,"column":57}},"loc":{"start":{"line":85,"column":30},"end":{"line":85,"column":57}},"line":85},"7":{"name":"announce","decl":{"start":{"line":87,"column":24},"end":{"line":92,"column":2}},"loc":{"start":{"line":87,"column":24},"end":{"line":92,"column":2}},"line":87},"8":{"name":"cancelAnnouncements","decl":{"start":{"line":94,"column":35},"end":{"line":98,"column":2}},"loc":{"start":{"line":94,"column":35},"end":{"line":98,"column":2}},"line":94},"9":{"name":"setSpeechRate","decl":{"start":{"line":106,"column":29},"end":{"line":116,"column":2}},"loc":{"start":{"line":106,"column":29},"end":{"line":116,"column":2}},"line":106},"10":{"name":"canAnnounce","decl":{"start":{"line":118,"column":27},"end":{"line":118,"column":68}},"loc":{"start":{"line":118,"column":27},"end":{"line":118,"column":68}},"line":118},"11":{"name":"isSpeechPending","decl":{"start":{"line":119,"column":31},"end":{"line":120,"column":58}},"loc":{"start":{"line":119,"column":31},"end":{"line":120,"column":58}},"line":119},"12":{"name":"playDecisionChime","decl":{"start":{"line":123,"column":33},"end":{"line":151,"column":2}},"loc":{"start":{"line":123,"column":33},"end":{"line":151,"column":2}},"line":123},"13":{"name":"playNote","decl":{"start":{"line":131,"column":21},"end":{"line":143,"column":6}},"loc":{"start":{"line":131,"column":21},"end":{"line":143,"column":6}},"line":131},"14":{"name":"makeFanfareNote","decl":{"start":{"line":156,"column":24},"end":{"line":175,"column":2}},"loc":{"start":{"line":156,"column":24},"end":{"line":175,"column":2}},"line":156},"15":{"name":"playVictoryFanfare","decl":{"start":{"line":178,"column":34},"end":{"line":198,"column":2}},"loc":{"start":{"line":178,"column":34},"end":{"line":198,"column":2}},"line":178},"16":{"name":"n","decl":{"start":{"line":186,"column":14},"end":{"line":186,"column":95}},"loc":{"start":{"line":186,"column":14},"end":{"line":186,"column":95}},"line":186},"17":{"name":"play7thInningStretch","decl":{"start":{"line":202,"column":36},"end":{"line":234,"column":2}},"loc":{"start":{"line":202,"column":36},"end":{"line":234,"column":2}},"line":202},"18":{"name":"n","decl":{"start":{"line":211,"column":14},"end":{"line":211,"column":99}},"loc":{"start":{"line":211,"column":14},"end":{"line":211,"column":99}},"line":211}},"f":{"0":1,"1":4,"2":3,"3":42,"4":39,"5":3,"6":3,"7":9,"8":32,"9":4,"10":2,"11":7,"12":3,"13":4,"14":20,"15":2,"16":7,"17":2,"18":13}}
,"/home/runner/work/self-playing-baseball/self-playing-baseball/src/utilities/getRandomInt.ts": {"path":"/home/runner/work/self-playing-baseball/self-playing-baseball/src/utilities/getRandomInt.ts","all":false,"statementMap":{"0":{"start":{"line":1,"column":0},"end":{"line":1,"column":31}},"2":{"start":{"line":3,"column":0},"end":{"line":3,"column":59}},"3":{"start":{"line":4,"column":0},"end":{"line":4,"column":48}},"4":{"start":{"line":5,"column":0},"end":{"line":5,"column":1}}},"s":{"0":1,"2":377,"3":377,"4":377},"branchMap":{"0":{"type":"branch","line":3,"loc":{"start":{"line":3,"column":0},"end":{"line":5,"column":1}},"locations":[{"start":{"line":3,"column":0},"end":{"line":5,"column":1}}]}},"b":{"0":[377]},"fnMap":{"0":{"name":"getRandomInt","decl":{"start":{"line":3,"column":0},"end":{"line":5,"column":1}},"loc":{"start":{"line":3,"column":0},"end":{"line":5,"column":1}},"line":3}},"f":{"0":377}}
,"/home/runner/work/self-playing-baseball/self-playing-baseball/src/utilities/rng.ts": {"path":"/home/runner/work/self-playing-baseball/self-playing-baseball/src/utilities/rng.ts","all":false,"statementMap":{"4":{"start":{"line":5,"column":0},"end":{"line":5,"column":31}},"5":{"start":{"line":6,"column":0},"end":{"line":6,"column":38}},"7":{"start":{"line":8,"column":0},"end":{"line":8,"column":49}},"8":{"start":{"line":9,"column":0},"end":{"line":9,"column":28}},"9":{"start":{"line":10,"column":0},"end":{"line":10,"column":39}},"10":{"start":{"line":11,"column":0},"end":{"line":11,"column":44}},"11":{"start":{"line":12,"column":0},"end":{"line":12,"column":47}},"12":{"start":{"line":13,"column":0},"end":{"line":13,"column":2}},"14":{"start":{"line":15,"column":0},"end":{"line":15,"column":58}},"15":{"start":{"line":16,"column":0},"end":{"line":16,"column":36}},"16":{"start":{"line":17,"column":0},"end":{"line":17,"column":28}},"17":{"start":{"line":18,"column":0},"end":{"line":18,"column":49}},"18":{"start":{"line":19,"column":0},"end":{"line":19,"column":42}},"19":{"start":{"line":20,"column":0},"end":{"line":20,"column":44}},"20":{"start":{"line":21,"column":0},"end":{"line":21,"column":22}},"21":{"start":{"line":22,"column":0},"end":{"line":22,"column":2}},"23":{"start":{"line":24,"column":0},"end":{"line":24,"column":34}},"24":{"start":{"line":25,"column":0},"end":{"line":25,"column":54}},"26":{"start":{"line":27,"column":0},"end":{"line":27,"column":97}},"27":{"start":{"line":28,"column":0},"end":{"line":28,"column":80}},"28":{"start":{"line":29,"column":0},"end":{"line":29,"column":16}},"29":{"start":{"line":30,"column":0},"end":{"line":30,"column":3}},"31":{"start":{"line":32,"column":0},"end":{"line":32,"column":29}},"32":{"start":{"line":33,"column":0},"end":{"line":33,"column":16}},"33":{"start":{"line":34,"column":0},"end":{"line":34,"column":3}},"35":{"start":{"line":36,"column":0},"end":{"line":36,"column":44}},"36":{"start":{"line":37,"column":0},"end":{"line":37,"column":49}},"37":{"start":{"line":38,"column":0},"end":{"line":38,"column":57}},"39":{"start":{"line":40,"column":0},"end":{"line":40,"column":26}},"40":{"start":{"line":41,"column":0},"end":{"line":41,"column":30}},"41":{"start":{"line":42,"column":0},"end":{"line":42,"column":3}},"43":{"start":{"line":44,"column":0},"end":{"line":44,"column":18}},"44":{"start":{"line":45,"column":0},"end":{"line":45,"column":25}},"46":{"start":{"line":47,"column":0},"end":{"line":47,"column":19}},"47":{"start":{"line":48,"column":0},"end":{"line":48,"column":52}},"48":{"start":{"line":49,"column":0},"end":{"line":49,"column":61}},"49":{"start":{"line":50,"column":0},"end":{"line":50,"column":60}},"50":{"start":{"line":51,"column":0},"end":{"line":51,"column":5}},"51":{"start":{"line":52,"column":0},"end":{"line":52,"column":3}},"53":{"start":{"line":54,"column":0},"end":{"line":54,"column":14}},"54":{"start":{"line":55,"column":0},"end":{"line":55,"column":2}},"56":{"start":{"line":57,"column":0},"end":{"line":57,"column":45}},"57":{"start":{"line":58,"column":0},"end":{"line":58,"column":22}},"58":{"start":{"line":59,"column":0},"end":{"line":59,"column":43}},"59":{"start":{"line":60,"column":0},"end":{"line":60,"column":3}},"60":{"start":{"line":61,"column":0},"end":{"line":61,"column":14}},"61":{"start":{"line":62,"column":0},"end":{"line":62,"column":2}},"63":{"start":{"line":64,"column":0},"end":{"line":64,"column":37}},"64":{"start":{"line":65,"column":0},"end":{"line":65,"column":13}},"65":{"start":{"line":66,"column":0},"end":{"line":66,"column":43}},"66":{"start":{"line":67,"column":0},"end":{"line":67,"column":3}},"67":{"start":{"line":68,"column":0},"end":{"line":68,"column":13}},"68":{"start":{"line":69,"column":0},"end":{"line":69,"column":56}},"69":{"start":{"line":70,"column":0},"end":{"line":70,"column":3}},"70":{"start":{"line":71,"column":0},"end":{"line":71,"column":15}},"71":{"start":{"line":72,"column":0},"end":{"line":72,"column":2}},"73":{"start":{"line":74,"column":0},"end":{"line":74,"column":45}},"74":{"start":{"line":75,"column":0},"end":{"line":75,"column":32}},"75":{"start":{"line":76,"column":0},"end":{"line":76,"column":80}},"76":{"start":{"line":77,"column":0},"end":{"line":77,"column":14}},"77":{"start":{"line":78,"column":0},"end":{"line":78,"column":3}},"78":{"start":{"line":79,"column":0},"end":{"line":79,"column":44}},"79":{"start":{"line":80,"column":0},"end":{"line":80,"column":29}},"80":{"start":{"line":81,"column":0},"end":{"line":81,"column":59}},"81":{"start":{"line":82,"column":0},"end":{"line":82,"column":3}},"82":{"start":{"line":83,"column":0},"end":{"line":83,"column":24}},"83":{"start":{"line":84,"column":0},"end":{"line":84,"column":2}}},"s":{"4":1,"5":1,"7":1,"8":542,"9":542,"10":542,"11":542,"12":542,"14":1,"15":5,"16":5,"17":5,"18":5,"19":5,"20":4,"21":4,"23":1,"24":6,"26":1,"27":16,"28":0,"29":0,"31":16,"32":6,"33":6,"35":10,"36":10,"37":16,"39":16,"40":6,"41":6,"43":10,"44":10,"46":16,"47":1,"48":1,"49":1,"50":1,"51":1,"53":10,"54":10,"56":1,"57":10,"58":2,"59":2,"60":10,"61":10,"63":1,"64":542,"65":3,"66":3,"67":542,"68":0,"69":0,"70":542,"71":542,"73":1,"74":6,"75":6,"76":0,"77":0,"78":6,"79":6,"80":6,"81":6,"82":6,"83":6},"branchMap":{"0":{"type":"branch","line":8,"loc":{"start":{"line":8,"column":19},"end":{"line":13,"column":2}},"locations":[{"start":{"line":8,"column":19},"end":{"line":13,"column":2}}]},"1":{"type":"branch","line":8,"loc":{"start":{"line":8,"column":34},"end":{"line":13,"column":2}},"locations":[{"start":{"line":8,"column":34},"end":{"line":13,"column":2}}]},"2":{"type":"branch","line":15,"loc":{"start":{"line":15,"column":18},"end":{"line":22,"column":2}},"locations":[{"start":{"line":15,"column":18},"end":{"line":22,"column":2}}]},"3":{"type":"branch","line":17,"loc":{"start":{"line":17,"column":16},"end":{"line":17,"column":28}},"locations":[{"start":{"line":17,"column":16},"end":{"line":17,"column":28}}]},"4":{"type":"branch","line":17,"loc":{"start":{"line":17,"column":23},"end":{"line":18,"column":46}},"locations":[{"start":{"line":17,"column":23},"end":{"line":18,"column":46}}]},"5":{"type":"branch","line":18,"loc":{"start":{"line":18,"column":41},"end":{"line":18,"column":49}},"locations":[{"start":{"line":18,"column":41},"end":{"line":18,"column":49}}]},"6":{"type":"branch","line":20,"loc":{"start":{"line":20,"column":32},"end":{"line":20,"column":44}},"locations":[{"start":{"line":20,"column":32},"end":{"line":20,"column":44}}]},"7":{"type":"branch","line":20,"loc":{"start":{"line":20,"column":39},"end":{"line":22,"column":2}},"locations":[{"start":{"line":20,"column":39},"end":{"line":22,"column":2}}]},"8":{"type":"branch","line":24,"loc":{"start":{"line":24,"column":21},"end":{"line":25,"column":54}},"locations":[{"start":{"line":24,"column":21},"end":{"line":25,"column":54}}]},"9":{"type":"branch","line":27,"loc":{"start":{"line":27,"column":31},"end":{"line":55,"column":2}},"locations":[{"start":{"line":27,"column":31},"end":{"line":55,"column":2}}]},"10":{"type":"branch","line":28,"loc":{"start":{"line":28,"column":79},"end":{"line":30,"column":3}},"locations":[{"start":{"line":28,"column":79},"end":{"line":30,"column":3}}]},"11":{"type":"branch","line":32,"loc":{"start":{"line":32,"column":15},"end":{"line":32,"column":28}},"locations":[{"start":{"line":32,"column":15},"end":{"line":32,"column":28}}]},"12":{"type":"branch","line":32,"loc":{"start":{"line":32,"column":28},"end":{"line":34,"column":3}},"locations":[{"start":{"line":32,"column":28},"end":{"line":34,"column":3}}]},"13":{"type":"branch","line":34,"loc":{"start":{"line":34,"column":2},"end":{"line":38,"column":29}},"locations":[{"start":{"line":34,"column":2},"end":{"line":38,"column":29}}]},"14":{"type":"branch","line":38,"loc":{"start":{"line":38,"column":17},"end":{"line":38,"column":52}},"locations":[{"start":{"line":38,"column":17},"end":{"line":38,"column":52}}]},"15":{"type":"branch","line":38,"loc":{"start":{"line":38,"column":48},"end":{"line":38,"column":57}},"locations":[{"start":{"line":38,"column":48},"end":{"line":38,"column":57}}]},"16":{"type":"branch","line":40,"loc":{"start":{"line":40,"column":25},"end":{"line":47,"column":18}},"locations":[{"start":{"line":40,"column":25},"end":{"line":47,"column":18}}]},"17":{"type":"branch","line":40,"loc":{"start":{"line":40,"column":25},"end":{"line":42,"column":3}},"locations":[{"start":{"line":40,"column":25},"end":{"line":42,"column":3}}]},"18":{"type":"branch","line":47,"loc":{"start":{"line":47,"column":18},"end":{"line":52,"column":3}},"locations":[{"start":{"line":47,"column":18},"end":{"line":52,"column":3}}]},"19":{"type":"branch","line":52,"loc":{"start":{"line":52,"column":2},"end":{"line":55,"column":2}},"locations":[{"start":{"line":52,"column":2},"end":{"line":55,"column":2}}]},"20":{"type":"branch","line":57,"loc":{"start":{"line":57,"column":23},"end":{"line":62,"column":2}},"locations":[{"start":{"line":57,"column":23},"end":{"line":62,"column":2}}]},"21":{"type":"branch","line":58,"loc":{"start":{"line":58,"column":21},"end":{"line":60,"column":3}},"locations":[{"start":{"line":58,"column":21},"end":{"line":60,"column":3}}]},"22":{"type":"branch","line":64,"loc":{"start":{"line":64,"column":22},"end":{"line":72,"column":2}},"locations":[{"start":{"line":64,"column":22},"end":{"line":72,"column":2}}]},"23":{"type":"branch","line":65,"loc":{"start":{"line":65,"column":12},"end":{"line":67,"column":3}},"locations":[{"start":{"line":65,"column":12},"end":{"line":67,"column":3}}]},"24":{"type":"branch","line":68,"loc":{"start":{"line":68,"column":12},"end":{"line":70,"column":3}},"locations":[{"start":{"line":68,"column":12},"end":{"line":70,"column":3}}]},"25":{"type":"branch","line":74,"loc":{"start":{"line":74,"column":30},"end":{"line":84,"column":2}},"locations":[{"start":{"line":74,"column":30},"end":{"line":84,"column":2}}]},"26":{"type":"branch","line":76,"loc":{"start":{"line":76,"column":79},"end":{"line":78,"column":3}},"locations":[{"start":{"line":76,"column":79},"end":{"line":78,"column":3}}]}},"b":{"0":[10],"1":[542],"2":[5],"3":[1],"4":[4],"5":[0],"6":[0],"7":[4],"8":[6],"9":[16],"10":[0],"11":[6],"12":[6],"13":[10],"14":[5],"15":[5],"16":[10],"17":[6],"18":[1],"19":[10],"20":[10],"21":[2],"22":[542],"23":[3],"24":[0],"25":[6],"26":[0]},"fnMap":{"0":{"name":"mulberry32","decl":{"start":{"line":8,"column":19},"end":{"line":13,"column":2}},"loc":{"start":{"line":8,"column":19},"end":{"line":13,"column":2}},"line":8},"1":{"name":"parseSeed","decl":{"start":{"line":15,"column":18},"end":{"line":22,"column":2}},"loc":{"start":{"line":15,"column":18},"end":{"line":22,"column":2}},"line":15},"2":{"name":"generateSeed","decl":{"start":{"line":24,"column":21},"end":{"line":25,"column":54}},"loc":{"start":{"line":24,"column":21},"end":{"line":25,"column":54}},"line":24},"3":{"name":"initSeedFromUrl","decl":{"start":{"line":27,"column":31},"end":{"line":55,"column":2}},"loc":{"start":{"line":27,"column":31},"end":{"line":55,"column":2}},"line":27},"4":{"name":"getSeed","decl":{"start":{"line":57,"column":23},"end":{"line":62,"column":2}},"loc":{"start":{"line":57,"column":23},"end":{"line":62,"column":2}},"line":57},"5":{"name":"random","decl":{"start":{"line":64,"column":22},"end":{"line":72,"column":2}},"loc":{"start":{"line":64,"column":22},"end":{"line":72,"column":2}},"line":64},"6":{"name":"buildReplayUrl","decl":{"start":{"line":74,"column":30},"end":{"line":84,"column":2}},"loc":{"start":{"line":74,"column":30},"end":{"line":84,"column":2}},"line":74}},"f":{"0":10,"1":5,"2":6,"3":16,"4":10,"5":542,"6":6}}
}
